[0.594s] Invoking command in '/home/adi/RosProjects/src/my_py_pkg': PYTHONPATH=/home/adi/RosProjects/build/my_py_pkg/prefix_override:/usr/lib/python3/dist-packages/colcon_core/task/python/colcon_distutils_commands:/home/adi/RosProjects/install/my_py_pkg/lib/python3.10/site-packages:${PYTHONPATH} /usr/bin/python3 -W ignore:setup.py install is deprecated -W ignore:easy_install command is deprecated setup.py egg_info --egg-base ../../build/my_py_pkg build --build-base /home/adi/RosProjects/build/my_py_pkg/build install --record /home/adi/RosProjects/build/my_py_pkg/install.log --single-version-externally-managed install_data
[0.791s] running egg_info
[0.791s] writing ../../build/my_py_pkg/my_py_pkg.egg-info/PKG-INFO
[0.792s] writing dependency_links to ../../build/my_py_pkg/my_py_pkg.egg-info/dependency_links.txt
[0.792s] writing entry points to ../../build/my_py_pkg/my_py_pkg.egg-info/entry_points.txt
[0.792s] writing requirements to ../../build/my_py_pkg/my_py_pkg.egg-info/requires.txt
[0.792s] writing top-level names to ../../build/my_py_pkg/my_py_pkg.egg-info/top_level.txt
[0.794s] reading manifest file '../../build/my_py_pkg/my_py_pkg.egg-info/SOURCES.txt'
[0.797s] writing manifest file '../../build/my_py_pkg/my_py_pkg.egg-info/SOURCES.txt'
[0.797s] running build
[0.797s] running build_py
[0.797s] copying my_py_pkg/battery_charge_status.py -> /home/adi/RosProjects/build/my_py_pkg/build/lib/my_py_pkg
[0.797s] copying my_py_pkg/hardware_status_publisher.py -> /home/adi/RosProjects/build/my_py_pkg/build/lib/my_py_pkg
[0.797s] running install
[0.798s] running install_lib
[0.798s] copying /home/adi/RosProjects/build/my_py_pkg/build/lib/my_py_pkg/battery_charge_status.py -> /home/adi/RosProjects/install/my_py_pkg/lib/python3.10/site-packages/my_py_pkg
[0.798s] copying /home/adi/RosProjects/build/my_py_pkg/build/lib/my_py_pkg/hardware_status_publisher.py -> /home/adi/RosProjects/install/my_py_pkg/lib/python3.10/site-packages/my_py_pkg
[0.799s] byte-compiling /home/adi/RosProjects/install/my_py_pkg/lib/python3.10/site-packages/my_py_pkg/battery_charge_status.py to battery_charge_status.cpython-310.pyc
[0.799s] byte-compiling /home/adi/RosProjects/install/my_py_pkg/lib/python3.10/site-packages/my_py_pkg/hardware_status_publisher.py to hardware_status_publisher.cpython-310.pyc
[0.800s] running install_data
[0.800s] running install_egg_info
[0.802s] removing '/home/adi/RosProjects/install/my_py_pkg/lib/python3.10/site-packages/my_py_pkg-0.0.0-py3.10.egg-info' (and everything under it)
[0.805s] Copying ../../build/my_py_pkg/my_py_pkg.egg-info to /home/adi/RosProjects/install/my_py_pkg/lib/python3.10/site-packages/my_py_pkg-0.0.0-py3.10.egg-info
[0.806s] running install_scripts
[0.823s] Installing add_two_ints_client script to /home/adi/RosProjects/install/my_py_pkg/lib/my_py_pkg
[0.823s] Installing add_two_ints_client_no_oop script to /home/adi/RosProjects/install/my_py_pkg/lib/my_py_pkg
[0.823s] Installing add_two_ints_server script to /home/adi/RosProjects/install/my_py_pkg/lib/my_py_pkg
[0.824s] Installing battery_charge_status script to /home/adi/RosProjects/install/my_py_pkg/lib/my_py_pkg
[0.824s] Installing hardware_status_publisher script to /home/adi/RosProjects/install/my_py_pkg/lib/my_py_pkg
[0.824s] Installing number_counter script to /home/adi/RosProjects/install/my_py_pkg/lib/my_py_pkg
[0.824s] Installing number_publisher script to /home/adi/RosProjects/install/my_py_pkg/lib/my_py_pkg
[0.824s] Installing py_node script to /home/adi/RosProjects/install/my_py_pkg/lib/my_py_pkg
[0.824s] Installing robot_news_station script to /home/adi/RosProjects/install/my_py_pkg/lib/my_py_pkg
[0.824s] Installing smartphone script to /home/adi/RosProjects/install/my_py_pkg/lib/my_py_pkg
[0.826s] writing list of installed files to '/home/adi/RosProjects/build/my_py_pkg/install.log'
[0.844s] Invoked command in '/home/adi/RosProjects/src/my_py_pkg' returned '0': PYTHONPATH=/home/adi/RosProjects/build/my_py_pkg/prefix_override:/usr/lib/python3/dist-packages/colcon_core/task/python/colcon_distutils_commands:/home/adi/RosProjects/install/my_py_pkg/lib/python3.10/site-packages:${PYTHONPATH} /usr/bin/python3 -W ignore:setup.py install is deprecated -W ignore:easy_install command is deprecated setup.py egg_info --egg-base ../../build/my_py_pkg build --build-base /home/adi/RosProjects/build/my_py_pkg/build install --record /home/adi/RosProjects/build/my_py_pkg/install.log --single-version-externally-managed install_data
