[0.010s] Invoking command in '/home/adi/RosProjects/build/my_robot_bringup': AMENT_PREFIX_PATH=/home/adi/RosProjects/install/my_py_pkg:/home/adi/RosProjects/install/my_robot_bringup:/home/adi/RosProjects/install/my_robot_interfaces:/opt/ros/humble CMAKE_PREFIX_PATH=/home/adi/RosProjects/install/my_robot_interfaces:/home/adi/RosProjects/install/my_robot_bringup:/home/adi/RosProjects/install/my_py_pkg:/opt/ros/humble /usr/bin/cmake --build /home/adi/RosProjects/build/my_robot_bringup -- -j4 -l4
[0.034s] -- Found ament_cmake: 1.3.11 (/opt/ros/humble/share/ament_cmake/cmake)
[0.268s] -- Configuring done
[0.273s] -- Generating done
[0.275s] -- Build files have been written to: /home/adi/RosProjects/build/my_robot_bringup
[0.294s] Invoked command in '/home/adi/RosProjects/build/my_robot_bringup' returned '0': AMENT_PREFIX_PATH=/home/adi/RosProjects/install/my_py_pkg:/home/adi/RosProjects/install/my_robot_bringup:/home/adi/RosProjects/install/my_robot_interfaces:/opt/ros/humble CMAKE_PREFIX_PATH=/home/adi/RosProjects/install/my_robot_interfaces:/home/adi/RosProjects/install/my_robot_bringup:/home/adi/RosProjects/install/my_py_pkg:/opt/ros/humble /usr/bin/cmake --build /home/adi/RosProjects/build/my_robot_bringup -- -j4 -l4
[0.295s] Invoking command in '/home/adi/RosProjects/build/my_robot_bringup': AMENT_PREFIX_PATH=/home/adi/RosProjects/install/my_py_pkg:/home/adi/RosProjects/install/my_robot_bringup:/home/adi/RosProjects/install/my_robot_interfaces:/opt/ros/humble CMAKE_PREFIX_PATH=/home/adi/RosProjects/install/my_robot_interfaces:/home/adi/RosProjects/install/my_robot_bringup:/home/adi/RosProjects/install/my_py_pkg:/opt/ros/humble /usr/bin/cmake --install /home/adi/RosProjects/build/my_robot_bringup
[0.301s] -- Install configuration: ""
[0.302s] -- Up-to-date: /home/adi/RosProjects/install/my_robot_bringup/share/my_robot_bringup/launch
[0.302s] -- Up-to-date: /home/adi/RosProjects/install/my_robot_bringup/share/my_robot_bringup/launch/number_app.launch.py
[0.302s] -- Up-to-date: /home/adi/RosProjects/install/my_robot_bringup/share/my_robot_bringup/launch/number_app_from_python.launch.xml
[0.302s] -- Up-to-date: /home/adi/RosProjects/install/my_robot_bringup/share/my_robot_bringup/launch/number_app.launch.xml
[0.302s] -- Installing: /home/adi/RosProjects/install/my_robot_bringup/share/my_robot_bringup/config
[0.302s] -- Installing: /home/adi/RosProjects/install/my_robot_bringup/share/my_robot_bringup/config/number_app.yaml
[0.302s] -- Up-to-date: /home/adi/RosProjects/install/my_robot_bringup/share/ament_index/resource_index/package_run_dependencies/my_robot_bringup
[0.302s] -- Up-to-date: /home/adi/RosProjects/install/my_robot_bringup/share/ament_index/resource_index/parent_prefix_path/my_robot_bringup
[0.302s] -- Up-to-date: /home/adi/RosProjects/install/my_robot_bringup/share/my_robot_bringup/environment/ament_prefix_path.sh
[0.302s] -- Installing: /home/adi/RosProjects/install/my_robot_bringup/share/my_robot_bringup/environment/ament_prefix_path.dsv
[0.303s] -- Up-to-date: /home/adi/RosProjects/install/my_robot_bringup/share/my_robot_bringup/environment/path.sh
[0.303s] -- Installing: /home/adi/RosProjects/install/my_robot_bringup/share/my_robot_bringup/environment/path.dsv
[0.303s] -- Up-to-date: /home/adi/RosProjects/install/my_robot_bringup/share/my_robot_bringup/local_setup.bash
[0.303s] -- Up-to-date: /home/adi/RosProjects/install/my_robot_bringup/share/my_robot_bringup/local_setup.sh
[0.303s] -- Up-to-date: /home/adi/RosProjects/install/my_robot_bringup/share/my_robot_bringup/local_setup.zsh
[0.303s] -- Installing: /home/adi/RosProjects/install/my_robot_bringup/share/my_robot_bringup/local_setup.dsv
[0.303s] -- Installing: /home/adi/RosProjects/install/my_robot_bringup/share/my_robot_bringup/package.dsv
[0.303s] -- Up-to-date: /home/adi/RosProjects/install/my_robot_bringup/share/ament_index/resource_index/packages/my_robot_bringup
[0.303s] -- Up-to-date: /home/adi/RosProjects/install/my_robot_bringup/share/my_robot_bringup/cmake/my_robot_bringupConfig.cmake
[0.303s] -- Up-to-date: /home/adi/RosProjects/install/my_robot_bringup/share/my_robot_bringup/cmake/my_robot_bringupConfig-version.cmake
[0.303s] -- Up-to-date: /home/adi/RosProjects/install/my_robot_bringup/share/my_robot_bringup/package.xml
[0.304s] Invoked command in '/home/adi/RosProjects/build/my_robot_bringup' returned '0': AMENT_PREFIX_PATH=/home/adi/RosProjects/install/my_py_pkg:/home/adi/RosProjects/install/my_robot_bringup:/home/adi/RosProjects/install/my_robot_interfaces:/opt/ros/humble CMAKE_PREFIX_PATH=/home/adi/RosProjects/install/my_robot_interfaces:/home/adi/RosProjects/install/my_robot_bringup:/home/adi/RosProjects/install/my_py_pkg:/opt/ros/humble /usr/bin/cmake --install /home/adi/RosProjects/build/my_robot_bringup
