[0.015s] Invoking command in '/home/adi/RosProjects/build/my_robot_bringup': CMAKE_PREFIX_PATH=${CMAKE_PREFIX_PATH}:/home/adi/RosProjects/install/my_py_pkg:/opt/ros/humble /usr/bin/cmake --build /home/adi/RosProjects/build/my_robot_bringup -- -j4 -l4
[0.073s] Invoked command in '/home/adi/RosProjects/build/my_robot_bringup' returned '0': CMAKE_PREFIX_PATH=${CMAKE_PREFIX_PATH}:/home/adi/RosProjects/install/my_py_pkg:/opt/ros/humble /usr/bin/cmake --build /home/adi/RosProjects/build/my_robot_bringup -- -j4 -l4
[0.100s] Invoking command in '/home/adi/RosProjects/build/my_robot_bringup': CMAKE_PREFIX_PATH=${CMAKE_PREFIX_PATH}:/home/adi/RosProjects/install/my_py_pkg:/opt/ros/humble /usr/bin/cmake --install /home/adi/RosProjects/build/my_robot_bringup
[0.127s] -- Install configuration: ""
[0.127s] -- Up-to-date: /home/adi/RosProjects/install/my_robot_bringup/share/my_robot_bringup/launch
[0.127s] -- Installing: /home/adi/RosProjects/install/my_robot_bringup/share/my_robot_bringup/launch/number_app.launch.xml
[0.128s] -- Up-to-date: /home/adi/RosProjects/install/my_robot_bringup/share/ament_index/resource_index/package_run_dependencies/my_robot_bringup
[0.128s] -- Up-to-date: /home/adi/RosProjects/install/my_robot_bringup/share/ament_index/resource_index/parent_prefix_path/my_robot_bringup
[0.128s] -- Up-to-date: /home/adi/RosProjects/install/my_robot_bringup/share/my_robot_bringup/environment/ament_prefix_path.sh
[0.129s] -- Up-to-date: /home/adi/RosProjects/install/my_robot_bringup/share/my_robot_bringup/environment/ament_prefix_path.dsv
[0.130s] -- Up-to-date: /home/adi/RosProjects/install/my_robot_bringup/share/my_robot_bringup/environment/path.sh
[0.130s] -- Up-to-date: /home/adi/RosProjects/install/my_robot_bringup/share/my_robot_bringup/environment/path.dsv
[0.130s] -- Up-to-date: /home/adi/RosProjects/install/my_robot_bringup/share/my_robot_bringup/local_setup.bash
[0.131s] -- Up-to-date: /home/adi/RosProjects/install/my_robot_bringup/share/my_robot_bringup/local_setup.sh
[0.135s] -- Up-to-date: /home/adi/RosProjects/install/my_robot_bringup/share/my_robot_bringup/local_setup.zsh
[0.136s] -- Up-to-date: /home/adi/RosProjects/install/my_robot_bringup/share/my_robot_bringup/local_setup.dsv
[0.136s] -- Up-to-date: /home/adi/RosProjects/install/my_robot_bringup/share/my_robot_bringup/package.dsv
[0.136s] -- Up-to-date: /home/adi/RosProjects/install/my_robot_bringup/share/ament_index/resource_index/packages/my_robot_bringup
[0.136s] -- Up-to-date: /home/adi/RosProjects/install/my_robot_bringup/share/my_robot_bringup/cmake/my_robot_bringupConfig.cmake
[0.136s] -- Up-to-date: /home/adi/RosProjects/install/my_robot_bringup/share/my_robot_bringup/cmake/my_robot_bringupConfig-version.cmake
[0.136s] -- Up-to-date: /home/adi/RosProjects/install/my_robot_bringup/share/my_robot_bringup/package.xml
[0.146s] Invoked command in '/home/adi/RosProjects/build/my_robot_bringup' returned '0': CMAKE_PREFIX_PATH=${CMAKE_PREFIX_PATH}:/home/adi/RosProjects/install/my_py_pkg:/opt/ros/humble /usr/bin/cmake --install /home/adi/RosProjects/build/my_robot_bringup
