[0.011s] Invoking command in '/home/adi/RosProjects/build/my_robot_bringup': CMAKE_PREFIX_PATH=${CMAKE_PREFIX_PATH}:/home/adi/RosProjects/install/my_py_pkg:/opt/ros/humble /usr/bin/cmake /home/adi/RosProjects/src/my_robot_bringup -DCMAKE_INSTALL_PREFIX=/home/adi/RosProjects/install/my_robot_bringup
[0.179s] -- The C compiler identification is GNU 11.4.0
[0.319s] -- The CXX compiler identification is GNU 11.4.0
[0.351s] -- Detecting C compiler ABI info
[0.569s] -- Detecting C compiler ABI info - done
[0.587s] -- Check for working C compiler: /usr/bin/cc - skipped
[0.588s] -- Detecting C compile features
[0.589s] -- Detecting C compile features - done
[0.599s] -- Detecting CXX compiler ABI info
[0.752s] -- Detecting CXX compiler ABI info - done
[0.769s] -- Check for working CXX compiler: /usr/bin/c++ - skipped
[0.769s] -- Detecting CXX compile features
[0.769s] -- Detecting CXX compile features - done
[0.781s] -- Found ament_cmake: 1.3.11 (/opt/ros/humble/share/ament_cmake/cmake)
[1.131s] -- Found Python3: /usr/bin/python3 (found version "3.10.12") found components: Interpreter 
[1.527s] -- Configuring done
[1.531s] -- Generating done
[1.538s] -- Build files have been written to: /home/adi/RosProjects/build/my_robot_bringup
[1.551s] Invoked command in '/home/adi/RosProjects/build/my_robot_bringup' returned '0': CMAKE_PREFIX_PATH=${CMAKE_PREFIX_PATH}:/home/adi/RosProjects/install/my_py_pkg:/opt/ros/humble /usr/bin/cmake /home/adi/RosProjects/src/my_robot_bringup -DCMAKE_INSTALL_PREFIX=/home/adi/RosProjects/install/my_robot_bringup
[1.552s] Invoking command in '/home/adi/RosProjects/build/my_robot_bringup': CMAKE_PREFIX_PATH=${CMAKE_PREFIX_PATH}:/home/adi/RosProjects/install/my_py_pkg:/opt/ros/humble /usr/bin/cmake --build /home/adi/RosProjects/build/my_robot_bringup -- -j4 -l4
[1.606s] Invoked command in '/home/adi/RosProjects/build/my_robot_bringup' returned '0': CMAKE_PREFIX_PATH=${CMAKE_PREFIX_PATH}:/home/adi/RosProjects/install/my_py_pkg:/opt/ros/humble /usr/bin/cmake --build /home/adi/RosProjects/build/my_robot_bringup -- -j4 -l4
[1.631s] Invoking command in '/home/adi/RosProjects/build/my_robot_bringup': CMAKE_PREFIX_PATH=${CMAKE_PREFIX_PATH}:/home/adi/RosProjects/install/my_py_pkg:/opt/ros/humble /usr/bin/cmake --install /home/adi/RosProjects/build/my_robot_bringup
[1.644s] -- Install configuration: ""
[1.644s] -- Installing: /home/adi/RosProjects/install/my_robot_bringup/share/my_robot_bringup/launch
[1.644s] -- Installing: /home/adi/RosProjects/install/my_robot_bringup/share/my_robot_bringup/launch/number_app.launch.xml
[1.645s] -- Installing: /home/adi/RosProjects/install/my_robot_bringup/share/ament_index/resource_index/package_run_dependencies/my_robot_bringup
[1.645s] -- Installing: /home/adi/RosProjects/install/my_robot_bringup/share/ament_index/resource_index/parent_prefix_path/my_robot_bringup
[1.645s] -- Installing: /home/adi/RosProjects/install/my_robot_bringup/share/my_robot_bringup/environment/ament_prefix_path.sh
[1.645s] -- Installing: /home/adi/RosProjects/install/my_robot_bringup/share/my_robot_bringup/environment/ament_prefix_path.dsv
[1.649s] -- Installing: /home/adi/RosProjects/install/my_robot_bringup/share/my_robot_bringup/environment/path.sh
[1.649s] -- Installing: /home/adi/RosProjects/install/my_robot_bringup/share/my_robot_bringup/environment/path.dsv
[1.649s] -- Installing: /home/adi/RosProjects/install/my_robot_bringup/share/my_robot_bringup/local_setup.bash
[1.649s] -- Installing: /home/adi/RosProjects/install/my_robot_bringup/share/my_robot_bringup/local_setup.sh
[1.649s] -- Installing: /home/adi/RosProjects/install/my_robot_bringup/share/my_robot_bringup/local_setup.zsh
[1.649s] -- Installing: /home/adi/RosProjects/install/my_robot_bringup/share/my_robot_bringup/local_setup.dsv
[1.649s] -- Installing: /home/adi/RosProjects/install/my_robot_bringup/share/my_robot_bringup/package.dsv
[1.649s] -- Installing: /home/adi/RosProjects/install/my_robot_bringup/share/ament_index/resource_index/packages/my_robot_bringup
[1.649s] -- Installing: /home/adi/RosProjects/install/my_robot_bringup/share/my_robot_bringup/cmake/my_robot_bringupConfig.cmake
[1.649s] -- Installing: /home/adi/RosProjects/install/my_robot_bringup/share/my_robot_bringup/cmake/my_robot_bringupConfig-version.cmake
[1.649s] -- Installing: /home/adi/RosProjects/install/my_robot_bringup/share/my_robot_bringup/package.xml
[1.652s] Invoked command in '/home/adi/RosProjects/build/my_robot_bringup' returned '0': CMAKE_PREFIX_PATH=${CMAKE_PREFIX_PATH}:/home/adi/RosProjects/install/my_py_pkg:/opt/ros/humble /usr/bin/cmake --install /home/adi/RosProjects/build/my_robot_bringup
