[0.623s] Invoking command in '/home/adi/RosProjects/build/my_py_pkg': PYTHONPATH=/home/adi/RosProjects/build/my_py_pkg/prefix_override:/usr/lib/python3/dist-packages/colcon_core/task/python/colcon_distutils_commands:/home/adi/RosProjects/install/my_py_pkg/lib/python3.10/site-packages:${PYTHONPATH} /usr/bin/python3 -W ignore:setup.py install is deprecated -W ignore:easy_install command is deprecated setup.py develop --editable --build-directory /home/adi/RosProjects/build/my_py_pkg/build --no-deps symlink_data --force
[0.859s] running develop
[1.013s] running egg_info
[1.014s] writing my_py_pkg.egg-info/PKG-INFO
[1.014s] writing dependency_links to my_py_pkg.egg-info/dependency_links.txt
[1.014s] writing entry points to my_py_pkg.egg-info/entry_points.txt
[1.014s] writing requirements to my_py_pkg.egg-info/requires.txt
[1.015s] writing top-level names to my_py_pkg.egg-info/top_level.txt
[1.017s] reading manifest file 'my_py_pkg.egg-info/SOURCES.txt'
[1.018s] writing manifest file 'my_py_pkg.egg-info/SOURCES.txt'
[1.019s] running build_ext
[1.019s] Creating /home/adi/RosProjects/install/my_py_pkg/lib/python3.10/site-packages/my-py-pkg.egg-link (link to .)
[1.020s] Installing py_node script to /home/adi/RosProjects/install/my_py_pkg/lib/my_py_pkg
[1.020s] Installing robot_news_station script to /home/adi/RosProjects/install/my_py_pkg/lib/my_py_pkg
[1.020s] 
[1.020s] Installed /home/adi/RosProjects/build/my_py_pkg
[1.020s] running symlink_data
[1.020s] symbolically linking /home/adi/RosProjects/build/my_py_pkg/resource/my_py_pkg -> /home/adi/RosProjects/install/my_py_pkg/share/ament_index/resource_index/packages
[1.020s] symbolically linking /home/adi/RosProjects/build/my_py_pkg/package.xml -> /home/adi/RosProjects/install/my_py_pkg/share/my_py_pkg
[1.046s] Invoked command in '/home/adi/RosProjects/build/my_py_pkg' returned '0': PYTHONPATH=/home/adi/RosProjects/build/my_py_pkg/prefix_override:/usr/lib/python3/dist-packages/colcon_core/task/python/colcon_distutils_commands:/home/adi/RosProjects/install/my_py_pkg/lib/python3.10/site-packages:${PYTHONPATH} /usr/bin/python3 -W ignore:setup.py install is deprecated -W ignore:easy_install command is deprecated setup.py develop --editable --build-directory /home/adi/RosProjects/build/my_py_pkg/build --no-deps symlink_data --force
