[0.632s] Invoking command in '/home/adi/RosProjects/build/my_py_pkg': PYTHONPATH=/home/adi/RosProjects/build/my_py_pkg/prefix_override:/usr/lib/python3/dist-packages/colcon_core/task/python/colcon_distutils_commands:/home/adi/RosProjects/install/my_py_pkg/lib/python3.10/site-packages:${PYTHONPATH} /usr/bin/python3 -W ignore:setup.py install is deprecated -W ignore:easy_install command is deprecated setup.py develop --uninstall --editable --build-directory /home/adi/RosProjects/build/my_py_pkg/build
[0.906s] running develop
[1.075s] Removing /home/adi/RosProjects/install/my_py_pkg/lib/python3.10/site-packages/my-py-pkg.egg-link (link to .)
[1.105s] Invoked command in '/home/adi/RosProjects/build/my_py_pkg' returned '0': PYTHONPATH=/home/adi/RosProjects/build/my_py_pkg/prefix_override:/usr/lib/python3/dist-packages/colcon_core/task/python/colcon_distutils_commands:/home/adi/RosProjects/install/my_py_pkg/lib/python3.10/site-packages:${PYTHONPATH} /usr/bin/python3 -W ignore:setup.py install is deprecated -W ignore:easy_install command is deprecated setup.py develop --uninstall --editable --build-directory /home/adi/RosProjects/build/my_py_pkg/build
[1.107s] Invoking command in '/home/adi/RosProjects/src/my_py_pkg': PYTHONPATH=/home/adi/RosProjects/build/my_py_pkg/prefix_override:/usr/lib/python3/dist-packages/colcon_core/task/python/colcon_distutils_commands:/home/adi/RosProjects/install/my_py_pkg/lib/python3.10/site-packages:${PYTHONPATH} /usr/bin/python3 -W ignore:setup.py install is deprecated -W ignore:easy_install command is deprecated setup.py egg_info --egg-base ../../build/my_py_pkg build --build-base /home/adi/RosProjects/build/my_py_pkg/build install --record /home/adi/RosProjects/build/my_py_pkg/install.log --single-version-externally-managed install_data --force
[1.350s] running egg_info
[1.351s] writing ../../build/my_py_pkg/my_py_pkg.egg-info/PKG-INFO
[1.351s] writing dependency_links to ../../build/my_py_pkg/my_py_pkg.egg-info/dependency_links.txt
[1.352s] writing entry points to ../../build/my_py_pkg/my_py_pkg.egg-info/entry_points.txt
[1.352s] writing requirements to ../../build/my_py_pkg/my_py_pkg.egg-info/requires.txt
[1.352s] writing top-level names to ../../build/my_py_pkg/my_py_pkg.egg-info/top_level.txt
[1.356s] reading manifest file '../../build/my_py_pkg/my_py_pkg.egg-info/SOURCES.txt'
[1.358s] writing manifest file '../../build/my_py_pkg/my_py_pkg.egg-info/SOURCES.txt'
[1.358s] running build
[1.358s] running build_py
[1.359s] copying my_py_pkg/led_panel_node.py -> /home/adi/RosProjects/build/my_py_pkg/build/lib/my_py_pkg
[1.359s] copying my_py_pkg/robot_news_station.py -> /home/adi/RosProjects/build/my_py_pkg/build/lib/my_py_pkg
[1.359s] copying my_py_pkg/number_publisher.py -> /home/adi/RosProjects/build/my_py_pkg/build/lib/my_py_pkg
[1.360s] running install
[1.360s] running install_lib
[1.361s] creating /home/adi/RosProjects/install/my_py_pkg/lib/python3.10/site-packages/my_py_pkg
[1.361s] copying /home/adi/RosProjects/build/my_py_pkg/build/lib/my_py_pkg/add_two_ints_server.py -> /home/adi/RosProjects/install/my_py_pkg/lib/python3.10/site-packages/my_py_pkg
[1.362s] copying /home/adi/RosProjects/build/my_py_pkg/build/lib/my_py_pkg/battery_charge_status.py -> /home/adi/RosProjects/install/my_py_pkg/lib/python3.10/site-packages/my_py_pkg
[1.363s] copying /home/adi/RosProjects/build/my_py_pkg/build/lib/my_py_pkg/smartphone.py -> /home/adi/RosProjects/install/my_py_pkg/lib/python3.10/site-packages/my_py_pkg
[1.364s] copying /home/adi/RosProjects/build/my_py_pkg/build/lib/my_py_pkg/__init__.py -> /home/adi/RosProjects/install/my_py_pkg/lib/python3.10/site-packages/my_py_pkg
[1.364s] copying /home/adi/RosProjects/build/my_py_pkg/build/lib/my_py_pkg/my_first_node.py -> /home/adi/RosProjects/install/my_py_pkg/lib/python3.10/site-packages/my_py_pkg
[1.364s] copying /home/adi/RosProjects/build/my_py_pkg/build/lib/my_py_pkg/led_panel_node.py -> /home/adi/RosProjects/install/my_py_pkg/lib/python3.10/site-packages/my_py_pkg
[1.364s] copying /home/adi/RosProjects/build/my_py_pkg/build/lib/my_py_pkg/hardware_status_publisher.py -> /home/adi/RosProjects/install/my_py_pkg/lib/python3.10/site-packages/my_py_pkg
[1.365s] copying /home/adi/RosProjects/build/my_py_pkg/build/lib/my_py_pkg/robot_news_station.py -> /home/adi/RosProjects/install/my_py_pkg/lib/python3.10/site-packages/my_py_pkg
[1.365s] copying /home/adi/RosProjects/build/my_py_pkg/build/lib/my_py_pkg/number_counter.py -> /home/adi/RosProjects/install/my_py_pkg/lib/python3.10/site-packages/my_py_pkg
[1.366s] copying /home/adi/RosProjects/build/my_py_pkg/build/lib/my_py_pkg/add_two_ints_client_no_oop.py -> /home/adi/RosProjects/install/my_py_pkg/lib/python3.10/site-packages/my_py_pkg
[1.367s] copying /home/adi/RosProjects/build/my_py_pkg/build/lib/my_py_pkg/battery_monitor.py -> /home/adi/RosProjects/install/my_py_pkg/lib/python3.10/site-packages/my_py_pkg
[1.368s] copying /home/adi/RosProjects/build/my_py_pkg/build/lib/my_py_pkg/number_publisher.py -> /home/adi/RosProjects/install/my_py_pkg/lib/python3.10/site-packages/my_py_pkg
[1.368s] copying /home/adi/RosProjects/build/my_py_pkg/build/lib/my_py_pkg/add_two_ints_client.py -> /home/adi/RosProjects/install/my_py_pkg/lib/python3.10/site-packages/my_py_pkg
[1.369s] copying /home/adi/RosProjects/build/my_py_pkg/build/lib/my_py_pkg/template_python_node.py -> /home/adi/RosProjects/install/my_py_pkg/lib/python3.10/site-packages/my_py_pkg
[1.369s] copying /home/adi/RosProjects/build/my_py_pkg/build/lib/my_py_pkg/reset_counter.py -> /home/adi/RosProjects/install/my_py_pkg/lib/python3.10/site-packages/my_py_pkg
[1.371s] byte-compiling /home/adi/RosProjects/install/my_py_pkg/lib/python3.10/site-packages/my_py_pkg/add_two_ints_server.py to add_two_ints_server.cpython-310.pyc
[1.371s] byte-compiling /home/adi/RosProjects/install/my_py_pkg/lib/python3.10/site-packages/my_py_pkg/battery_charge_status.py to battery_charge_status.cpython-310.pyc
[1.371s] byte-compiling /home/adi/RosProjects/install/my_py_pkg/lib/python3.10/site-packages/my_py_pkg/smartphone.py to smartphone.cpython-310.pyc
[1.372s] byte-compiling /home/adi/RosProjects/install/my_py_pkg/lib/python3.10/site-packages/my_py_pkg/__init__.py to __init__.cpython-310.pyc
[1.373s] byte-compiling /home/adi/RosProjects/install/my_py_pkg/lib/python3.10/site-packages/my_py_pkg/my_first_node.py to my_first_node.cpython-310.pyc
[1.373s] byte-compiling /home/adi/RosProjects/install/my_py_pkg/lib/python3.10/site-packages/my_py_pkg/led_panel_node.py to led_panel_node.cpython-310.pyc
[1.373s] byte-compiling /home/adi/RosProjects/install/my_py_pkg/lib/python3.10/site-packages/my_py_pkg/hardware_status_publisher.py to hardware_status_publisher.cpython-310.pyc
[1.373s] byte-compiling /home/adi/RosProjects/install/my_py_pkg/lib/python3.10/site-packages/my_py_pkg/robot_news_station.py to robot_news_station.cpython-310.pyc
[1.373s] byte-compiling /home/adi/RosProjects/install/my_py_pkg/lib/python3.10/site-packages/my_py_pkg/number_counter.py to number_counter.cpython-310.pyc
[1.374s] byte-compiling /home/adi/RosProjects/install/my_py_pkg/lib/python3.10/site-packages/my_py_pkg/add_two_ints_client_no_oop.py to add_two_ints_client_no_oop.cpython-310.pyc
[1.374s] byte-compiling /home/adi/RosProjects/install/my_py_pkg/lib/python3.10/site-packages/my_py_pkg/battery_monitor.py to battery_monitor.cpython-310.pyc
[1.375s] byte-compiling /home/adi/RosProjects/install/my_py_pkg/lib/python3.10/site-packages/my_py_pkg/number_publisher.py to number_publisher.cpython-310.pyc
[1.375s] byte-compiling /home/adi/RosProjects/install/my_py_pkg/lib/python3.10/site-packages/my_py_pkg/add_two_ints_client.py to add_two_ints_client.cpython-310.pyc
[1.376s] byte-compiling /home/adi/RosProjects/install/my_py_pkg/lib/python3.10/site-packages/my_py_pkg/template_python_node.py to template_python_node.cpython-310.pyc
[1.376s] byte-compiling /home/adi/RosProjects/install/my_py_pkg/lib/python3.10/site-packages/my_py_pkg/reset_counter.py to reset_counter.cpython-310.pyc
[1.377s] running install_data
[1.377s] copying resource/my_py_pkg -> /home/adi/RosProjects/install/my_py_pkg/share/ament_index/resource_index/packages
[1.377s] copying package.xml -> /home/adi/RosProjects/install/my_py_pkg/share/my_py_pkg
[1.377s] running install_egg_info
[1.379s] Copying ../../build/my_py_pkg/my_py_pkg.egg-info to /home/adi/RosProjects/install/my_py_pkg/lib/python3.10/site-packages/my_py_pkg-0.0.0-py3.10.egg-info
[1.380s] running install_scripts
[1.405s] Installing add_two_ints_client script to /home/adi/RosProjects/install/my_py_pkg/lib/my_py_pkg
[1.406s] Installing add_two_ints_client_no_oop script to /home/adi/RosProjects/install/my_py_pkg/lib/my_py_pkg
[1.406s] Installing add_two_ints_server script to /home/adi/RosProjects/install/my_py_pkg/lib/my_py_pkg
[1.406s] Installing battery_charge_status script to /home/adi/RosProjects/install/my_py_pkg/lib/my_py_pkg
[1.406s] Installing battery_monitor script to /home/adi/RosProjects/install/my_py_pkg/lib/my_py_pkg
[1.407s] Installing hardware_status_publisher script to /home/adi/RosProjects/install/my_py_pkg/lib/my_py_pkg
[1.407s] Installing led_panel_node script to /home/adi/RosProjects/install/my_py_pkg/lib/my_py_pkg
[1.407s] Installing number_counter script to /home/adi/RosProjects/install/my_py_pkg/lib/my_py_pkg
[1.407s] Installing number_publisher script to /home/adi/RosProjects/install/my_py_pkg/lib/my_py_pkg
[1.408s] Installing py_node script to /home/adi/RosProjects/install/my_py_pkg/lib/my_py_pkg
[1.408s] Installing robot_news_station script to /home/adi/RosProjects/install/my_py_pkg/lib/my_py_pkg
[1.408s] Installing smartphone script to /home/adi/RosProjects/install/my_py_pkg/lib/my_py_pkg
[1.409s] writing list of installed files to '/home/adi/RosProjects/build/my_py_pkg/install.log'
[1.445s] Invoked command in '/home/adi/RosProjects/src/my_py_pkg' returned '0': PYTHONPATH=/home/adi/RosProjects/build/my_py_pkg/prefix_override:/usr/lib/python3/dist-packages/colcon_core/task/python/colcon_distutils_commands:/home/adi/RosProjects/install/my_py_pkg/lib/python3.10/site-packages:${PYTHONPATH} /usr/bin/python3 -W ignore:setup.py install is deprecated -W ignore:easy_install command is deprecated setup.py egg_info --egg-base ../../build/my_py_pkg build --build-base /home/adi/RosProjects/build/my_py_pkg/build install --record /home/adi/RosProjects/build/my_py_pkg/install.log --single-version-externally-managed install_data --force
