[0.013s] Invoking command in '/home/adi/RosProjects/build/my_robot_bringup': AMENT_PREFIX_PATH=/home/adi/RosProjects/install/my_py_pkg:/home/adi/RosProjects/install/my_robot_bringup:/home/adi/RosProjects/install/my_robot_interfaces:/opt/ros/humble CMAKE_PREFIX_PATH=/home/adi/RosProjects/install/my_robot_interfaces:/home/adi/RosProjects/install/my_robot_bringup:/home/adi/RosProjects/install/my_py_pkg:/opt/ros/humble /usr/bin/cmake --build /home/adi/RosProjects/build/my_robot_bringup -- -j4 -l4
[0.038s] -- Found ament_cmake: 1.3.11 (/opt/ros/humble/share/ament_cmake/cmake)
[0.228s] -- Configuring done
[0.233s] -- Generating done
[0.234s] -- Build files have been written to: /home/adi/RosProjects/build/my_robot_bringup
[0.254s] Invoked command in '/home/adi/RosProjects/build/my_robot_bringup' returned '0': AMENT_PREFIX_PATH=/home/adi/RosProjects/install/my_py_pkg:/home/adi/RosProjects/install/my_robot_bringup:/home/adi/RosProjects/install/my_robot_interfaces:/opt/ros/humble CMAKE_PREFIX_PATH=/home/adi/RosProjects/install/my_robot_interfaces:/home/adi/RosProjects/install/my_robot_bringup:/home/adi/RosProjects/install/my_py_pkg:/opt/ros/humble /usr/bin/cmake --build /home/adi/RosProjects/build/my_robot_bringup -- -j4 -l4
[0.256s] Invoking command in '/home/adi/RosProjects/build/my_robot_bringup': AMENT_PREFIX_PATH=/home/adi/RosProjects/install/my_py_pkg:/home/adi/RosProjects/install/my_robot_bringup:/home/adi/RosProjects/install/my_robot_interfaces:/opt/ros/humble CMAKE_PREFIX_PATH=/home/adi/RosProjects/install/my_robot_interfaces:/home/adi/RosProjects/install/my_robot_bringup:/home/adi/RosProjects/install/my_py_pkg:/opt/ros/humble /usr/bin/cmake --install /home/adi/RosProjects/build/my_robot_bringup
[0.266s] -- Install configuration: ""
[0.266s] -- Up-to-date: /home/adi/RosProjects/install/my_robot_bringup/share/my_robot_bringup/launch
[0.266s] -- Installing: /home/adi/RosProjects/install/my_robot_bringup/share/my_robot_bringup/launch/number_app.launch.py
[0.266s] -- Installing: /home/adi/RosProjects/install/my_robot_bringup/share/my_robot_bringup/launch/number_app.launch.xml
[0.267s] -- Installing: /home/adi/RosProjects/install/my_robot_bringup/share/my_robot_bringup/launch/number_app_from_pythn.launch.xml
[0.267s] -- Installing: /home/adi/RosProjects/install/my_robot_bringup/share/ament_index/resource_index/package_run_dependencies/my_robot_bringup
[0.267s] -- Installing: /home/adi/RosProjects/install/my_robot_bringup/share/ament_index/resource_index/parent_prefix_path/my_robot_bringup
[0.267s] -- Up-to-date: /home/adi/RosProjects/install/my_robot_bringup/share/my_robot_bringup/environment/ament_prefix_path.sh
[0.267s] -- Installing: /home/adi/RosProjects/install/my_robot_bringup/share/my_robot_bringup/environment/ament_prefix_path.dsv
[0.267s] -- Up-to-date: /home/adi/RosProjects/install/my_robot_bringup/share/my_robot_bringup/environment/path.sh
[0.267s] -- Installing: /home/adi/RosProjects/install/my_robot_bringup/share/my_robot_bringup/environment/path.dsv
[0.267s] -- Up-to-date: /home/adi/RosProjects/install/my_robot_bringup/share/my_robot_bringup/local_setup.bash
[0.267s] -- Up-to-date: /home/adi/RosProjects/install/my_robot_bringup/share/my_robot_bringup/local_setup.sh
[0.267s] -- Up-to-date: /home/adi/RosProjects/install/my_robot_bringup/share/my_robot_bringup/local_setup.zsh
[0.267s] -- Installing: /home/adi/RosProjects/install/my_robot_bringup/share/my_robot_bringup/local_setup.dsv
[0.269s] -- Installing: /home/adi/RosProjects/install/my_robot_bringup/share/my_robot_bringup/package.dsv
[0.269s] -- Up-to-date: /home/adi/RosProjects/install/my_robot_bringup/share/ament_index/resource_index/packages/my_robot_bringup
[0.269s] -- Up-to-date: /home/adi/RosProjects/install/my_robot_bringup/share/my_robot_bringup/cmake/my_robot_bringupConfig.cmake
[0.269s] -- Up-to-date: /home/adi/RosProjects/install/my_robot_bringup/share/my_robot_bringup/cmake/my_robot_bringupConfig-version.cmake
[0.269s] -- Installing: /home/adi/RosProjects/install/my_robot_bringup/share/my_robot_bringup/package.xml
[0.272s] Invoked command in '/home/adi/RosProjects/build/my_robot_bringup' returned '0': AMENT_PREFIX_PATH=/home/adi/RosProjects/install/my_py_pkg:/home/adi/RosProjects/install/my_robot_bringup:/home/adi/RosProjects/install/my_robot_interfaces:/opt/ros/humble CMAKE_PREFIX_PATH=/home/adi/RosProjects/install/my_robot_interfaces:/home/adi/RosProjects/install/my_robot_bringup:/home/adi/RosProjects/install/my_py_pkg:/opt/ros/humble /usr/bin/cmake --install /home/adi/RosProjects/build/my_robot_bringup
