[0.012s] Invoking command in '/home/adi/RosProjects/build/my_robot_interfaces': CMAKE_PREFIX_PATH=${CMAKE_PREFIX_PATH}:/home/adi/RosProjects/install/my_py_pkg:/home/adi/install/my_py_pkg:/opt/ros/humble /usr/bin/cmake --build /home/adi/RosProjects/build/my_robot_interfaces -- -j4 -l4
[0.032s] -- Found ament_cmake: 1.3.11 (/opt/ros/humble/share/ament_cmake/cmake)
[0.142s] -- Found rosidl_default_generators: 1.2.0 (/opt/ros/humble/share/rosidl_default_generators/cmake)
[0.144s] -- Using all available rosidl_typesupport_c: rosidl_typesupport_fastrtps_c;rosidl_typesupport_introspection_c
[0.147s] -- Found rosidl_adapter: 3.1.6 (/opt/ros/humble/share/rosidl_adapter/cmake)
[0.170s] -- Using all available rosidl_typesupport_cpp: rosidl_typesupport_fastrtps_cpp;rosidl_typesupport_introspection_cpp
[0.393s] [31mCMake Error at /opt/ros/humble/share/rosidl_adapter/cmake/rosidl_adapt_interfaces.cmake:59 (message):
[0.393s]   execute_process(/usr/bin/python3 -m rosidl_adapter --package-name
[0.393s]   my_robot_interfaces --arguments-file
[0.393s]   /home/adi/RosProjects/build/my_robot_interfaces/rosidl_adapter__arguments__my_robot_interfaces.json
[0.393s]   --output-dir
[0.393s]   /home/adi/RosProjects/build/my_robot_interfaces/rosidl_adapter/my_robot_interfaces
[0.393s]   --output-file
[0.393s]   /home/adi/RosProjects/build/my_robot_interfaces/rosidl_adapter/my_robot_interfaces.idls)
[0.393s]   returned error code 1:
[0.393s] 
[0.393s]   Error processing 'bool SpawnAPrey' of
[0.393s]   'my_robot_interfaces/SpawnTurtle_Request': ''SpawnAPrey' is an invalid
[0.393s]   field name.  It should have the pattern
[0.394s]   '^(?!.*__)(?!.*_$)[a-z][a-z0-9_]*$''
[0.394s] 
[0.394s]   Traceback (most recent call last):
[0.394s] 
[0.394s]     File "/usr/lib/python3.10/runpy.py", line 196, in _run_module_as_main
[0.394s]       return _run_code(code, main_globals, None,
[0.394s]     File "/usr/lib/python3.10/runpy.py", line 86, in _run_code
[0.394s]       exec(code, run_globals)
[0.394s]     File "/opt/ros/humble/local/lib/python3.10/dist-packages/rosidl_adapter/__main__.py", line 19, in <module>
[0.394s]       sys.exit(main())
[0.394s]     File "/opt/ros/humble/local/lib/python3.10/dist-packages/rosidl_adapter/main.py", line 53, in main
[0.394s]       abs_idl_file = convert_to_idl(
[0.394s]     File "/opt/ros/humble/local/lib/python3.10/dist-packages/rosidl_adapter/__init__.py", line 24, in convert_to_idl
[0.394s]       return convert_srv_to_idl(
[0.394s]     File "/opt/ros/humble/local/lib/python3.10/dist-packages/rosidl_adapter/srv/__init__.py", line 28, in convert_srv_to_idl
[0.394s]       srv = parse_service_string(package_name, input_file.stem, content)
[0.395s]     File "/opt/ros/humble/local/lib/python3.10/dist-packages/rosidl_adapter/parser.py", line 859, in parse_service_string
[0.395s]       request_message = parse_message_string(
[0.395s]     File "/opt/ros/humble/local/lib/python3.10/dist-packages/rosidl_adapter/parser.py", line 519, in parse_message_string
[0.395s]       fields.append(Field(
[0.395s]     File "/opt/ros/humble/local/lib/python3.10/dist-packages/rosidl_adapter/parser.py", line 354, in __init__
[0.395s]       raise NameError(
[0.395s] 
[0.395s]   NameError: 'SpawnAPrey' is an invalid field name.  It should have the
[0.395s]   pattern '^(?!.*__)(?!.*_$)[a-z][a-z0-9_]*$'
[0.395s] 
[0.395s] Call Stack (most recent call first):
[0.395s]   /opt/ros/humble/share/rosidl_cmake/cmake/rosidl_generate_interfaces.cmake:130 (rosidl_adapt_interfaces)
[0.395s]   CMakeLists.txt:11 (rosidl_generate_interfaces)
[0.395s] 
[0.395s] [0m
[0.395s] -- Configuring incomplete, errors occurred!
[0.395s] See also "/home/adi/RosProjects/build/my_robot_interfaces/CMakeFiles/CMakeOutput.log".
[0.397s] gmake: *** [Makefile:2043: cmake_check_build_system] Error 1
[0.399s] Invoked command in '/home/adi/RosProjects/build/my_robot_interfaces' returned '2': CMAKE_PREFIX_PATH=${CMAKE_PREFIX_PATH}:/home/adi/RosProjects/install/my_py_pkg:/home/adi/install/my_py_pkg:/opt/ros/humble /usr/bin/cmake --build /home/adi/RosProjects/build/my_robot_interfaces -- -j4 -l4
