[0.656s] Invoking command in '/home/adi/RosProjects/src/my_py_pkg': PYTHONPATH=/home/adi/RosProjects/build/my_py_pkg/prefix_override:/usr/lib/python3/dist-packages/colcon_core/task/python/colcon_distutils_commands:/home/adi/RosProjects/install/my_py_pkg/lib/python3.10/site-packages:${PYTHONPATH} /usr/bin/python3 -W ignore:setup.py install is deprecated -W ignore:easy_install command is deprecated setup.py egg_info --egg-base ../../build/my_py_pkg build --build-base /home/adi/RosProjects/build/my_py_pkg/build install --record /home/adi/RosProjects/build/my_py_pkg/install.log --single-version-externally-managed install_data
[0.918s] running egg_info
[0.919s] creating ../../build/my_py_pkg/my_py_pkg.egg-info
[0.919s] writing ../../build/my_py_pkg/my_py_pkg.egg-info/PKG-INFO
[0.919s] writing dependency_links to ../../build/my_py_pkg/my_py_pkg.egg-info/dependency_links.txt
[0.919s] writing entry points to ../../build/my_py_pkg/my_py_pkg.egg-info/entry_points.txt
[0.919s] writing requirements to ../../build/my_py_pkg/my_py_pkg.egg-info/requires.txt
[0.919s] writing top-level names to ../../build/my_py_pkg/my_py_pkg.egg-info/top_level.txt
[0.919s] writing manifest file '../../build/my_py_pkg/my_py_pkg.egg-info/SOURCES.txt'
[0.920s] reading manifest file '../../build/my_py_pkg/my_py_pkg.egg-info/SOURCES.txt'
[0.921s] writing manifest file '../../build/my_py_pkg/my_py_pkg.egg-info/SOURCES.txt'
[0.921s] running build
[0.921s] running build_py
[0.921s] creating /home/adi/RosProjects/build/my_py_pkg/build
[0.921s] creating /home/adi/RosProjects/build/my_py_pkg/build/lib
[0.921s] creating /home/adi/RosProjects/build/my_py_pkg/build/lib/my_py_pkg
[0.921s] copying my_py_pkg/__init__.py -> /home/adi/RosProjects/build/my_py_pkg/build/lib/my_py_pkg
[0.921s] copying my_py_pkg/my_first_node.py -> /home/adi/RosProjects/build/my_py_pkg/build/lib/my_py_pkg
[0.922s] copying my_py_pkg/robot_news_station.py -> /home/adi/RosProjects/build/my_py_pkg/build/lib/my_py_pkg
[0.922s] copying my_py_pkg/template_python_node.py -> /home/adi/RosProjects/build/my_py_pkg/build/lib/my_py_pkg
[0.922s] running install
[0.922s] running install_lib
[0.925s] creating /home/adi/RosProjects/install/my_py_pkg/lib/python3.10/site-packages/my_py_pkg
[0.925s] copying /home/adi/RosProjects/build/my_py_pkg/build/lib/my_py_pkg/__init__.py -> /home/adi/RosProjects/install/my_py_pkg/lib/python3.10/site-packages/my_py_pkg
[0.925s] copying /home/adi/RosProjects/build/my_py_pkg/build/lib/my_py_pkg/my_first_node.py -> /home/adi/RosProjects/install/my_py_pkg/lib/python3.10/site-packages/my_py_pkg
[0.925s] copying /home/adi/RosProjects/build/my_py_pkg/build/lib/my_py_pkg/robot_news_station.py -> /home/adi/RosProjects/install/my_py_pkg/lib/python3.10/site-packages/my_py_pkg
[0.925s] copying /home/adi/RosProjects/build/my_py_pkg/build/lib/my_py_pkg/template_python_node.py -> /home/adi/RosProjects/install/my_py_pkg/lib/python3.10/site-packages/my_py_pkg
[0.925s] byte-compiling /home/adi/RosProjects/install/my_py_pkg/lib/python3.10/site-packages/my_py_pkg/__init__.py to __init__.cpython-310.pyc
[0.925s] byte-compiling /home/adi/RosProjects/install/my_py_pkg/lib/python3.10/site-packages/my_py_pkg/my_first_node.py to my_first_node.cpython-310.pyc
[0.925s] byte-compiling /home/adi/RosProjects/install/my_py_pkg/lib/python3.10/site-packages/my_py_pkg/robot_news_station.py to robot_news_station.cpython-310.pyc
[0.925s] byte-compiling /home/adi/RosProjects/install/my_py_pkg/lib/python3.10/site-packages/my_py_pkg/template_python_node.py to template_python_node.cpython-310.pyc
[0.925s] running install_data
[0.925s] creating /home/adi/RosProjects/install/my_py_pkg/share/ament_index
[0.925s] creating /home/adi/RosProjects/install/my_py_pkg/share/ament_index/resource_index
[0.925s] creating /home/adi/RosProjects/install/my_py_pkg/share/ament_index/resource_index/packages
[0.925s] copying resource/my_py_pkg -> /home/adi/RosProjects/install/my_py_pkg/share/ament_index/resource_index/packages
[0.925s] copying package.xml -> /home/adi/RosProjects/install/my_py_pkg/share/my_py_pkg
[0.925s] running install_egg_info
[0.927s] Copying ../../build/my_py_pkg/my_py_pkg.egg-info to /home/adi/RosProjects/install/my_py_pkg/lib/python3.10/site-packages/my_py_pkg-0.0.0-py3.10.egg-info
[0.928s] running install_scripts
[0.953s] Installing py_node script to /home/adi/RosProjects/install/my_py_pkg/lib/my_py_pkg
[0.953s] Installing robot_news_station script to /home/adi/RosProjects/install/my_py_pkg/lib/my_py_pkg
[0.953s] writing list of installed files to '/home/adi/RosProjects/build/my_py_pkg/install.log'
[0.978s] Invoked command in '/home/adi/RosProjects/src/my_py_pkg' returned '0': PYTHONPATH=/home/adi/RosProjects/build/my_py_pkg/prefix_override:/usr/lib/python3/dist-packages/colcon_core/task/python/colcon_distutils_commands:/home/adi/RosProjects/install/my_py_pkg/lib/python3.10/site-packages:${PYTHONPATH} /usr/bin/python3 -W ignore:setup.py install is deprecated -W ignore:easy_install command is deprecated setup.py egg_info --egg-base ../../build/my_py_pkg build --build-base /home/adi/RosProjects/build/my_py_pkg/build install --record /home/adi/RosProjects/build/my_py_pkg/install.log --single-version-externally-managed install_data
