[0.013s] Invoking command in '/home/adi/RosProjects/build/my_robot_interfaces': CMAKE_PREFIX_PATH=${CMAKE_PREFIX_PATH}:/home/adi/RosProjects/install/my_py_pkg:/home/adi/install/my_py_pkg:/opt/ros/humble /usr/bin/cmake --build /home/adi/RosProjects/build/my_robot_interfaces -- -j4 -l4
[0.037s] -- Found ament_cmake: 1.3.11 (/opt/ros/humble/share/ament_cmake/cmake)
[0.171s] -- Found rosidl_default_generators: 1.2.0 (/opt/ros/humble/share/rosidl_default_generators/cmake)
[0.176s] -- Using all available rosidl_typesupport_c: rosidl_typesupport_fastrtps_c;rosidl_typesupport_introspection_c
[0.176s] -- Found rosidl_adapter: 3.1.6 (/opt/ros/humble/share/rosidl_adapter/cmake)
[0.200s] -- Using all available rosidl_typesupport_cpp: rosidl_typesupport_fastrtps_cpp;rosidl_typesupport_introspection_cpp
[0.503s] -- Found ament_cmake_ros: 0.10.0 (/opt/ros/humble/share/ament_cmake_ros/cmake)
[0.667s] -- Using all available rosidl_typesupport_c: rosidl_typesupport_fastrtps_c;rosidl_typesupport_introspection_c
[0.896s] -- Using all available rosidl_typesupport_cpp: rosidl_typesupport_fastrtps_cpp;rosidl_typesupport_introspection_cpp
[0.915s] -- Found python_cmake_module: 0.10.0 (/opt/ros/humble/share/python_cmake_module/cmake)
[0.936s] -- Using PYTHON_EXECUTABLE: /usr/bin/python3
[0.937s] -- Using PYTHON_INCLUDE_DIRS: /usr/include/python3.10
[0.937s] -- Using PYTHON_LIBRARIES: /usr/lib/x86_64-linux-gnu/libpython3.10.so
[0.963s] -- Configuring done
[1.008s] -- Generating done
[1.024s] -- Build files have been written to: /home/adi/RosProjects/build/my_robot_interfaces
[1.053s] [35m[1mConsolidate compiler generated dependencies of target my_robot_interfaces__rosidl_generator_c[0m
[1.064s] [  1%] Built target my_robot_interfaces__cpp
[1.067s] [  2%] [32m[1mLinking C shared library libmy_robot_interfaces__rosidl_generator_c.so[0m
[1.085s] [35m[1mConsolidate compiler generated dependencies of target my_robot_interfaces__rosidl_typesupport_fastrtps_cpp[0m
[1.087s] [35m[1mConsolidate compiler generated dependencies of target my_robot_interfaces__rosidl_typesupport_introspection_cpp[0m
[1.116s] [  4%] [32m[1mLinking CXX shared library libmy_robot_interfaces__rosidl_typesupport_fastrtps_cpp.so[0m
[1.121s] [  4%] Built target ament_cmake_python_copy_my_robot_interfaces
[1.127s] [  5%] [32m[1mLinking CXX shared library libmy_robot_interfaces__rosidl_typesupport_introspection_cpp.so[0m
[1.138s] [ 15%] Built target my_robot_interfaces__rosidl_generator_c
[1.156s] [35m[1mConsolidate compiler generated dependencies of target my_robot_interfaces__rosidl_typesupport_cpp[0m
[1.196s] [ 16%] [32m[1mLinking CXX shared library libmy_robot_interfaces__rosidl_typesupport_cpp.so[0m
[1.371s] [ 26%] Built target my_robot_interfaces__rosidl_typesupport_cpp
[1.373s] [ 36%] Built target my_robot_interfaces__rosidl_typesupport_fastrtps_cpp
[1.397s] [35m[1mConsolidate compiler generated dependencies of target my_robot_interfaces__rosidl_typesupport_introspection_c[0m
[1.407s] [ 38%] [32m[1mLinking C shared library libmy_robot_interfaces__rosidl_typesupport_introspection_c.so[0m
[1.412s] [35m[1mConsolidate compiler generated dependencies of target my_robot_interfaces__rosidl_typesupport_c[0m
[1.412s] [ 47%] Built target my_robot_interfaces__rosidl_typesupport_introspection_cpp
[1.429s] [ 49%] [32m[1mLinking CXX shared library libmy_robot_interfaces__rosidl_typesupport_c.so[0m
[1.434s] [35m[1mConsolidate compiler generated dependencies of target my_robot_interfaces__rosidl_typesupport_fastrtps_c[0m
[1.474s] [ 50%] [32m[1mLinking CXX shared library libmy_robot_interfaces__rosidl_typesupport_fastrtps_c.so[0m
[1.479s] [ 60%] Built target my_robot_interfaces__rosidl_typesupport_introspection_c
[1.513s] [ 70%] Built target my_robot_interfaces__rosidl_typesupport_c
[1.569s] [ 80%] Built target my_robot_interfaces__rosidl_typesupport_fastrtps_c
[1.612s] [ 80%] Built target my_robot_interfaces
[1.631s] running egg_info
[1.633s] writing my_robot_interfaces.egg-info/PKG-INFO
[1.633s] writing dependency_links to my_robot_interfaces.egg-info/dependency_links.txt
[1.634s] writing top-level names to my_robot_interfaces.egg-info/top_level.txt
[1.636s] reading manifest file 'my_robot_interfaces.egg-info/SOURCES.txt'
[1.636s] writing manifest file 'my_robot_interfaces.egg-info/SOURCES.txt'
[1.637s] [ 81%] Built target my_robot_interfaces__py
[1.657s] [35m[1mConsolidate compiler generated dependencies of target my_robot_interfaces__rosidl_generator_py[0m
[1.672s] [ 81%] Built target ament_cmake_python_build_my_robot_interfaces_egg
[1.679s] [ 83%] [32m[1mLinking C shared library rosidl_generator_py/my_robot_interfaces/libmy_robot_interfaces__rosidl_generator_py.so[0m
[1.731s] [ 91%] Built target my_robot_interfaces__rosidl_generator_py
[1.748s] [35m[1mConsolidate compiler generated dependencies of target my_robot_interfaces__rosidl_typesupport_c__pyext[0m
[1.748s] [35m[1mConsolidate compiler generated dependencies of target my_robot_interfaces__rosidl_typesupport_fastrtps_c__pyext[0m
[1.748s] [35m[1mConsolidate compiler generated dependencies of target my_robot_interfaces__rosidl_typesupport_introspection_c__pyext[0m
[1.773s] [ 92%] [32m[1mLinking C shared library rosidl_generator_py/my_robot_interfaces/my_robot_interfaces_s__rosidl_typesupport_introspection_c.cpython-310-x86_64-linux-gnu.so[0m
[1.779s] [ 94%] [32m[1mLinking C shared library rosidl_generator_py/my_robot_interfaces/my_robot_interfaces_s__rosidl_typesupport_c.cpython-310-x86_64-linux-gnu.so[0m
[1.782s] [ 95%] [32m[1mLinking C shared library rosidl_generator_py/my_robot_interfaces/my_robot_interfaces_s__rosidl_typesupport_fastrtps_c.cpython-310-x86_64-linux-gnu.so[0m
[1.834s] [ 97%] Built target my_robot_interfaces__rosidl_typesupport_introspection_c__pyext
[1.840s] [ 98%] Built target my_robot_interfaces__rosidl_typesupport_c__pyext
[1.840s] [100%] Built target my_robot_interfaces__rosidl_typesupport_fastrtps_c__pyext
[1.859s] Invoked command in '/home/adi/RosProjects/build/my_robot_interfaces' returned '0': CMAKE_PREFIX_PATH=${CMAKE_PREFIX_PATH}:/home/adi/RosProjects/install/my_py_pkg:/home/adi/install/my_py_pkg:/opt/ros/humble /usr/bin/cmake --build /home/adi/RosProjects/build/my_robot_interfaces -- -j4 -l4
[1.871s] Invoking command in '/home/adi/RosProjects/build/my_robot_interfaces': CMAKE_PREFIX_PATH=${CMAKE_PREFIX_PATH}:/home/adi/RosProjects/install/my_py_pkg:/home/adi/install/my_py_pkg:/opt/ros/humble /usr/bin/cmake --install /home/adi/RosProjects/build/my_robot_interfaces
[1.880s] -- Install configuration: ""
[1.880s] -- Installing: /home/adi/RosProjects/install/my_robot_interfaces/share/ament_index/resource_index/rosidl_interfaces/my_robot_interfaces
[1.880s] -- Up-to-date: /home/adi/RosProjects/install/my_robot_interfaces/include/my_robot_interfaces/my_robot_interfaces
[1.880s] -- Up-to-date: /home/adi/RosProjects/install/my_robot_interfaces/include/my_robot_interfaces/my_robot_interfaces/srv
[1.880s] -- Up-to-date: /home/adi/RosProjects/install/my_robot_interfaces/include/my_robot_interfaces/my_robot_interfaces/srv/spawn_turtle.h
[1.880s] -- Up-to-date: /home/adi/RosProjects/install/my_robot_interfaces/include/my_robot_interfaces/my_robot_interfaces/srv/detail
[1.880s] -- Up-to-date: /home/adi/RosProjects/install/my_robot_interfaces/include/my_robot_interfaces/my_robot_interfaces/srv/detail/spawn_turtle__functions.c
[1.881s] -- Up-to-date: /home/adi/RosProjects/install/my_robot_interfaces/include/my_robot_interfaces/my_robot_interfaces/srv/detail/compute_rectangle_area__type_support.h
[1.881s] -- Up-to-date: /home/adi/RosProjects/install/my_robot_interfaces/include/my_robot_interfaces/my_robot_interfaces/srv/detail/spawn_turtle__struct.h
[1.881s] -- Up-to-date: /home/adi/RosProjects/install/my_robot_interfaces/include/my_robot_interfaces/my_robot_interfaces/srv/detail/prey_turtle_location__functions.h
[1.881s] -- Up-to-date: /home/adi/RosProjects/install/my_robot_interfaces/include/my_robot_interfaces/my_robot_interfaces/srv/detail/spawn_turtle__functions.h
[1.881s] -- Up-to-date: /home/adi/RosProjects/install/my_robot_interfaces/include/my_robot_interfaces/my_robot_interfaces/srv/detail/set_led_status__functions.c
[1.881s] -- Up-to-date: /home/adi/RosProjects/install/my_robot_interfaces/include/my_robot_interfaces/my_robot_interfaces/srv/detail/compute_rectangle_area__functions.c
[1.881s] -- Up-to-date: /home/adi/RosProjects/install/my_robot_interfaces/include/my_robot_interfaces/my_robot_interfaces/srv/detail/prey_turtle_location__type_support.h
[1.881s] -- Up-to-date: /home/adi/RosProjects/install/my_robot_interfaces/include/my_robot_interfaces/my_robot_interfaces/srv/detail/set_led_status__functions.h
[1.881s] -- Up-to-date: /home/adi/RosProjects/install/my_robot_interfaces/include/my_robot_interfaces/my_robot_interfaces/srv/detail/prey_turtle_location__struct.h
[1.881s] -- Up-to-date: /home/adi/RosProjects/install/my_robot_interfaces/include/my_robot_interfaces/my_robot_interfaces/srv/detail/prey_turtle_location__functions.c
[1.882s] -- Up-to-date: /home/adi/RosProjects/install/my_robot_interfaces/include/my_robot_interfaces/my_robot_interfaces/srv/detail/set_led_status__type_support.h
[1.882s] -- Up-to-date: /home/adi/RosProjects/install/my_robot_interfaces/include/my_robot_interfaces/my_robot_interfaces/srv/detail/compute_rectangle_area__struct.h
[1.882s] -- Up-to-date: /home/adi/RosProjects/install/my_robot_interfaces/include/my_robot_interfaces/my_robot_interfaces/srv/detail/compute_rectangle_area__functions.h
[1.882s] -- Up-to-date: /home/adi/RosProjects/install/my_robot_interfaces/include/my_robot_interfaces/my_robot_interfaces/srv/detail/set_led_status__struct.h
[1.882s] -- Up-to-date: /home/adi/RosProjects/install/my_robot_interfaces/include/my_robot_interfaces/my_robot_interfaces/srv/detail/spawn_turtle__type_support.h
[1.882s] -- Up-to-date: /home/adi/RosProjects/install/my_robot_interfaces/include/my_robot_interfaces/my_robot_interfaces/srv/compute_rectangle_area.h
[1.882s] -- Up-to-date: /home/adi/RosProjects/install/my_robot_interfaces/include/my_robot_interfaces/my_robot_interfaces/srv/set_led_status.h
[1.883s] -- Up-to-date: /home/adi/RosProjects/install/my_robot_interfaces/include/my_robot_interfaces/my_robot_interfaces/srv/prey_turtle_location.h
[1.884s] -- Up-to-date: /home/adi/RosProjects/install/my_robot_interfaces/include/my_robot_interfaces/my_robot_interfaces/action
[1.884s] -- Up-to-date: /home/adi/RosProjects/install/my_robot_interfaces/include/my_robot_interfaces/my_robot_interfaces/action/detail
[1.884s] -- Up-to-date: /home/adi/RosProjects/install/my_robot_interfaces/include/my_robot_interfaces/my_robot_interfaces/action/detail/predator_movement__type_support.h
[1.884s] -- Up-to-date: /home/adi/RosProjects/install/my_robot_interfaces/include/my_robot_interfaces/my_robot_interfaces/action/detail/predator_movement__struct.h
[1.884s] -- Up-to-date: /home/adi/RosProjects/install/my_robot_interfaces/include/my_robot_interfaces/my_robot_interfaces/action/detail/predator_movement__functions.c
[1.884s] -- Up-to-date: /home/adi/RosProjects/install/my_robot_interfaces/include/my_robot_interfaces/my_robot_interfaces/action/detail/predator_movement__functions.h
[1.884s] -- Up-to-date: /home/adi/RosProjects/install/my_robot_interfaces/include/my_robot_interfaces/my_robot_interfaces/action/predator_movement.h
[1.884s] -- Up-to-date: /home/adi/RosProjects/install/my_robot_interfaces/include/my_robot_interfaces/my_robot_interfaces/msg
[1.884s] -- Up-to-date: /home/adi/RosProjects/install/my_robot_interfaces/include/my_robot_interfaces/my_robot_interfaces/msg/battery_status.h
[1.884s] -- Up-to-date: /home/adi/RosProjects/install/my_robot_interfaces/include/my_robot_interfaces/my_robot_interfaces/msg/hardware_status.h
[1.884s] -- Up-to-date: /home/adi/RosProjects/install/my_robot_interfaces/include/my_robot_interfaces/my_robot_interfaces/msg/detail
[1.884s] -- Up-to-date: /home/adi/RosProjects/install/my_robot_interfaces/include/my_robot_interfaces/my_robot_interfaces/msg/detail/battery_status__struct.h
[1.884s] -- Up-to-date: /home/adi/RosProjects/install/my_robot_interfaces/include/my_robot_interfaces/my_robot_interfaces/msg/detail/battery_status__functions.h
[1.884s] -- Up-to-date: /home/adi/RosProjects/install/my_robot_interfaces/include/my_robot_interfaces/my_robot_interfaces/msg/detail/battery_status__functions.c
[1.884s] -- Up-to-date: /home/adi/RosProjects/install/my_robot_interfaces/include/my_robot_interfaces/my_robot_interfaces/msg/detail/hardware_status__functions.c
[1.885s] -- Up-to-date: /home/adi/RosProjects/install/my_robot_interfaces/include/my_robot_interfaces/my_robot_interfaces/msg/detail/hardware_status__functions.h
[1.885s] -- Up-to-date: /home/adi/RosProjects/install/my_robot_interfaces/include/my_robot_interfaces/my_robot_interfaces/msg/detail/pred_turtle_location__struct.h
[1.885s] -- Up-to-date: /home/adi/RosProjects/install/my_robot_interfaces/include/my_robot_interfaces/my_robot_interfaces/msg/detail/battery_status__type_support.h
[1.885s] -- Up-to-date: /home/adi/RosProjects/install/my_robot_interfaces/include/my_robot_interfaces/my_robot_interfaces/msg/detail/pred_turtle_location__type_support.h
[1.885s] -- Up-to-date: /home/adi/RosProjects/install/my_robot_interfaces/include/my_robot_interfaces/my_robot_interfaces/msg/detail/pred_turtle_location__functions.c
[1.885s] -- Up-to-date: /home/adi/RosProjects/install/my_robot_interfaces/include/my_robot_interfaces/my_robot_interfaces/msg/detail/hardware_status__type_support.h
[1.885s] -- Up-to-date: /home/adi/RosProjects/install/my_robot_interfaces/include/my_robot_interfaces/my_robot_interfaces/msg/detail/pred_turtle_location__functions.h
[1.885s] -- Up-to-date: /home/adi/RosProjects/install/my_robot_interfaces/include/my_robot_interfaces/my_robot_interfaces/msg/detail/hardware_status__struct.h
[1.885s] -- Up-to-date: /home/adi/RosProjects/install/my_robot_interfaces/include/my_robot_interfaces/my_robot_interfaces/msg/rosidl_generator_c__visibility_control.h
[1.886s] -- Up-to-date: /home/adi/RosProjects/install/my_robot_interfaces/include/my_robot_interfaces/my_robot_interfaces/msg/pred_turtle_location.h
[1.886s] -- Up-to-date: /home/adi/RosProjects/install/my_robot_interfaces/share/my_robot_interfaces/environment/library_path.sh
[1.886s] -- Installing: /home/adi/RosProjects/install/my_robot_interfaces/share/my_robot_interfaces/environment/library_path.dsv
[1.886s] -- Installing: /home/adi/RosProjects/install/my_robot_interfaces/lib/libmy_robot_interfaces__rosidl_generator_c.so
[1.886s] -- Set runtime path of "/home/adi/RosProjects/install/my_robot_interfaces/lib/libmy_robot_interfaces__rosidl_generator_c.so" to ""
[1.886s] -- Up-to-date: /home/adi/RosProjects/install/my_robot_interfaces/include/my_robot_interfaces/my_robot_interfaces
[1.886s] -- Up-to-date: /home/adi/RosProjects/install/my_robot_interfaces/include/my_robot_interfaces/my_robot_interfaces/srv
[1.886s] -- Up-to-date: /home/adi/RosProjects/install/my_robot_interfaces/include/my_robot_interfaces/my_robot_interfaces/srv/detail
[1.886s] -- Up-to-date: /home/adi/RosProjects/install/my_robot_interfaces/include/my_robot_interfaces/my_robot_interfaces/srv/detail/set_led_status__rosidl_typesupport_fastrtps_c.h
[1.886s] -- Up-to-date: /home/adi/RosProjects/install/my_robot_interfaces/include/my_robot_interfaces/my_robot_interfaces/srv/detail/compute_rectangle_area__rosidl_typesupport_fastrtps_c.h
[1.886s] -- Up-to-date: /home/adi/RosProjects/install/my_robot_interfaces/include/my_robot_interfaces/my_robot_interfaces/srv/detail/prey_turtle_location__rosidl_typesupport_fastrtps_c.h
[1.887s] -- Up-to-date: /home/adi/RosProjects/install/my_robot_interfaces/include/my_robot_interfaces/my_robot_interfaces/srv/detail/spawn_turtle__rosidl_typesupport_fastrtps_c.h
[1.887s] -- Up-to-date: /home/adi/RosProjects/install/my_robot_interfaces/include/my_robot_interfaces/my_robot_interfaces/action
[1.887s] -- Up-to-date: /home/adi/RosProjects/install/my_robot_interfaces/include/my_robot_interfaces/my_robot_interfaces/action/detail
[1.887s] -- Up-to-date: /home/adi/RosProjects/install/my_robot_interfaces/include/my_robot_interfaces/my_robot_interfaces/action/detail/predator_movement__rosidl_typesupport_fastrtps_c.h
[1.887s] -- Up-to-date: /home/adi/RosProjects/install/my_robot_interfaces/include/my_robot_interfaces/my_robot_interfaces/msg
[1.887s] -- Up-to-date: /home/adi/RosProjects/install/my_robot_interfaces/include/my_robot_interfaces/my_robot_interfaces/msg/rosidl_typesupport_fastrtps_c__visibility_control.h
[1.887s] -- Up-to-date: /home/adi/RosProjects/install/my_robot_interfaces/include/my_robot_interfaces/my_robot_interfaces/msg/detail
[1.887s] -- Up-to-date: /home/adi/RosProjects/install/my_robot_interfaces/include/my_robot_interfaces/my_robot_interfaces/msg/detail/pred_turtle_location__rosidl_typesupport_fastrtps_c.h
[1.887s] -- Up-to-date: /home/adi/RosProjects/install/my_robot_interfaces/include/my_robot_interfaces/my_robot_interfaces/msg/detail/battery_status__rosidl_typesupport_fastrtps_c.h
[1.887s] -- Up-to-date: /home/adi/RosProjects/install/my_robot_interfaces/include/my_robot_interfaces/my_robot_interfaces/msg/detail/hardware_status__rosidl_typesupport_fastrtps_c.h
[1.887s] -- Installing: /home/adi/RosProjects/install/my_robot_interfaces/lib/libmy_robot_interfaces__rosidl_typesupport_fastrtps_c.so
[1.888s] -- Set runtime path of "/home/adi/RosProjects/install/my_robot_interfaces/lib/libmy_robot_interfaces__rosidl_typesupport_fastrtps_c.so" to ""
[1.888s] -- Up-to-date: /home/adi/RosProjects/install/my_robot_interfaces/include/my_robot_interfaces/my_robot_interfaces
[1.888s] -- Up-to-date: /home/adi/RosProjects/install/my_robot_interfaces/include/my_robot_interfaces/my_robot_interfaces/srv
[1.888s] -- Up-to-date: /home/adi/RosProjects/install/my_robot_interfaces/include/my_robot_interfaces/my_robot_interfaces/srv/detail
[1.888s] -- Up-to-date: /home/adi/RosProjects/install/my_robot_interfaces/include/my_robot_interfaces/my_robot_interfaces/srv/detail/set_led_status__rosidl_typesupport_introspection_c.h
[1.888s] -- Up-to-date: /home/adi/RosProjects/install/my_robot_interfaces/include/my_robot_interfaces/my_robot_interfaces/srv/detail/prey_turtle_location__type_support.c
[1.888s] -- Up-to-date: /home/adi/RosProjects/install/my_robot_interfaces/include/my_robot_interfaces/my_robot_interfaces/srv/detail/prey_turtle_location__rosidl_typesupport_introspection_c.h
[1.888s] -- Up-to-date: /home/adi/RosProjects/install/my_robot_interfaces/include/my_robot_interfaces/my_robot_interfaces/srv/detail/compute_rectangle_area__rosidl_typesupport_introspection_c.h
[1.888s] -- Up-to-date: /home/adi/RosProjects/install/my_robot_interfaces/include/my_robot_interfaces/my_robot_interfaces/srv/detail/set_led_status__type_support.c
[1.889s] -- Up-to-date: /home/adi/RosProjects/install/my_robot_interfaces/include/my_robot_interfaces/my_robot_interfaces/srv/detail/spawn_turtle__type_support.c
[1.889s] -- Up-to-date: /home/adi/RosProjects/install/my_robot_interfaces/include/my_robot_interfaces/my_robot_interfaces/srv/detail/spawn_turtle__rosidl_typesupport_introspection_c.h
[1.889s] -- Up-to-date: /home/adi/RosProjects/install/my_robot_interfaces/include/my_robot_interfaces/my_robot_interfaces/srv/detail/compute_rectangle_area__type_support.c
[1.889s] -- Up-to-date: /home/adi/RosProjects/install/my_robot_interfaces/include/my_robot_interfaces/my_robot_interfaces/action
[1.889s] -- Up-to-date: /home/adi/RosProjects/install/my_robot_interfaces/include/my_robot_interfaces/my_robot_interfaces/action/detail
[1.889s] -- Up-to-date: /home/adi/RosProjects/install/my_robot_interfaces/include/my_robot_interfaces/my_robot_interfaces/action/detail/predator_movement__rosidl_typesupport_introspection_c.h
[1.889s] -- Up-to-date: /home/adi/RosProjects/install/my_robot_interfaces/include/my_robot_interfaces/my_robot_interfaces/action/detail/predator_movement__type_support.c
[1.889s] -- Up-to-date: /home/adi/RosProjects/install/my_robot_interfaces/include/my_robot_interfaces/my_robot_interfaces/msg
[1.889s] -- Up-to-date: /home/adi/RosProjects/install/my_robot_interfaces/include/my_robot_interfaces/my_robot_interfaces/msg/rosidl_typesupport_introspection_c__visibility_control.h
[1.889s] -- Up-to-date: /home/adi/RosProjects/install/my_robot_interfaces/include/my_robot_interfaces/my_robot_interfaces/msg/detail
[1.889s] -- Up-to-date: /home/adi/RosProjects/install/my_robot_interfaces/include/my_robot_interfaces/my_robot_interfaces/msg/detail/hardware_status__type_support.c
[1.889s] -- Up-to-date: /home/adi/RosProjects/install/my_robot_interfaces/include/my_robot_interfaces/my_robot_interfaces/msg/detail/battery_status__type_support.c
[1.889s] -- Up-to-date: /home/adi/RosProjects/install/my_robot_interfaces/include/my_robot_interfaces/my_robot_interfaces/msg/detail/battery_status__rosidl_typesupport_introspection_c.h
[1.890s] -- Up-to-date: /home/adi/RosProjects/install/my_robot_interfaces/include/my_robot_interfaces/my_robot_interfaces/msg/detail/pred_turtle_location__type_support.c
[1.890s] -- Up-to-date: /home/adi/RosProjects/install/my_robot_interfaces/include/my_robot_interfaces/my_robot_interfaces/msg/detail/hardware_status__rosidl_typesupport_introspection_c.h
[1.890s] -- Up-to-date: /home/adi/RosProjects/install/my_robot_interfaces/include/my_robot_interfaces/my_robot_interfaces/msg/detail/pred_turtle_location__rosidl_typesupport_introspection_c.h
[1.890s] -- Installing: /home/adi/RosProjects/install/my_robot_interfaces/lib/libmy_robot_interfaces__rosidl_typesupport_introspection_c.so
[1.890s] -- Set runtime path of "/home/adi/RosProjects/install/my_robot_interfaces/lib/libmy_robot_interfaces__rosidl_typesupport_introspection_c.so" to ""
[1.890s] -- Installing: /home/adi/RosProjects/install/my_robot_interfaces/lib/libmy_robot_interfaces__rosidl_typesupport_c.so
[1.890s] -- Set runtime path of "/home/adi/RosProjects/install/my_robot_interfaces/lib/libmy_robot_interfaces__rosidl_typesupport_c.so" to ""
[1.890s] -- Up-to-date: /home/adi/RosProjects/install/my_robot_interfaces/include/my_robot_interfaces/my_robot_interfaces
[1.890s] -- Up-to-date: /home/adi/RosProjects/install/my_robot_interfaces/include/my_robot_interfaces/my_robot_interfaces/srv
[1.890s] -- Up-to-date: /home/adi/RosProjects/install/my_robot_interfaces/include/my_robot_interfaces/my_robot_interfaces/srv/compute_rectangle_area.hpp
[1.890s] -- Up-to-date: /home/adi/RosProjects/install/my_robot_interfaces/include/my_robot_interfaces/my_robot_interfaces/srv/spawn_turtle.hpp
[1.891s] -- Up-to-date: /home/adi/RosProjects/install/my_robot_interfaces/include/my_robot_interfaces/my_robot_interfaces/srv/prey_turtle_location.hpp
[1.891s] -- Up-to-date: /home/adi/RosProjects/install/my_robot_interfaces/include/my_robot_interfaces/my_robot_interfaces/srv/detail
[1.891s] -- Up-to-date: /home/adi/RosProjects/install/my_robot_interfaces/include/my_robot_interfaces/my_robot_interfaces/srv/detail/compute_rectangle_area__traits.hpp
[1.891s] -- Up-to-date: /home/adi/RosProjects/install/my_robot_interfaces/include/my_robot_interfaces/my_robot_interfaces/srv/detail/set_led_status__builder.hpp
[1.891s] -- Up-to-date: /home/adi/RosProjects/install/my_robot_interfaces/include/my_robot_interfaces/my_robot_interfaces/srv/detail/prey_turtle_location__type_support.hpp
[1.891s] -- Up-to-date: /home/adi/RosProjects/install/my_robot_interfaces/include/my_robot_interfaces/my_robot_interfaces/srv/detail/set_led_status__type_support.hpp
[1.891s] -- Up-to-date: /home/adi/RosProjects/install/my_robot_interfaces/include/my_robot_interfaces/my_robot_interfaces/srv/detail/compute_rectangle_area__type_support.hpp
[1.891s] -- Up-to-date: /home/adi/RosProjects/install/my_robot_interfaces/include/my_robot_interfaces/my_robot_interfaces/srv/detail/compute_rectangle_area__builder.hpp
[1.891s] -- Up-to-date: /home/adi/RosProjects/install/my_robot_interfaces/include/my_robot_interfaces/my_robot_interfaces/srv/detail/spawn_turtle__builder.hpp
[1.891s] -- Up-to-date: /home/adi/RosProjects/install/my_robot_interfaces/include/my_robot_interfaces/my_robot_interfaces/srv/detail/set_led_status__traits.hpp
[1.891s] -- Up-to-date: /home/adi/RosProjects/install/my_robot_interfaces/include/my_robot_interfaces/my_robot_interfaces/srv/detail/prey_turtle_location__traits.hpp
[1.891s] -- Up-to-date: /home/adi/RosProjects/install/my_robot_interfaces/include/my_robot_interfaces/my_robot_interfaces/srv/detail/prey_turtle_location__builder.hpp
[1.891s] -- Up-to-date: /home/adi/RosProjects/install/my_robot_interfaces/include/my_robot_interfaces/my_robot_interfaces/srv/detail/spawn_turtle__type_support.hpp
[1.891s] -- Up-to-date: /home/adi/RosProjects/install/my_robot_interfaces/include/my_robot_interfaces/my_robot_interfaces/srv/detail/spawn_turtle__struct.hpp
[1.891s] -- Up-to-date: /home/adi/RosProjects/install/my_robot_interfaces/include/my_robot_interfaces/my_robot_interfaces/srv/detail/set_led_status__struct.hpp
[1.891s] -- Up-to-date: /home/adi/RosProjects/install/my_robot_interfaces/include/my_robot_interfaces/my_robot_interfaces/srv/detail/prey_turtle_location__struct.hpp
[1.892s] -- Up-to-date: /home/adi/RosProjects/install/my_robot_interfaces/include/my_robot_interfaces/my_robot_interfaces/srv/detail/spawn_turtle__traits.hpp
[1.892s] -- Up-to-date: /home/adi/RosProjects/install/my_robot_interfaces/include/my_robot_interfaces/my_robot_interfaces/srv/detail/compute_rectangle_area__struct.hpp
[1.892s] -- Up-to-date: /home/adi/RosProjects/install/my_robot_interfaces/include/my_robot_interfaces/my_robot_interfaces/srv/set_led_status.hpp
[1.892s] -- Up-to-date: /home/adi/RosProjects/install/my_robot_interfaces/include/my_robot_interfaces/my_robot_interfaces/action
[1.892s] -- Up-to-date: /home/adi/RosProjects/install/my_robot_interfaces/include/my_robot_interfaces/my_robot_interfaces/action/detail
[1.892s] -- Up-to-date: /home/adi/RosProjects/install/my_robot_interfaces/include/my_robot_interfaces/my_robot_interfaces/action/detail/predator_movement__struct.hpp
[1.892s] -- Up-to-date: /home/adi/RosProjects/install/my_robot_interfaces/include/my_robot_interfaces/my_robot_interfaces/action/detail/predator_movement__traits.hpp
[1.892s] -- Up-to-date: /home/adi/RosProjects/install/my_robot_interfaces/include/my_robot_interfaces/my_robot_interfaces/action/detail/predator_movement__builder.hpp
[1.892s] -- Up-to-date: /home/adi/RosProjects/install/my_robot_interfaces/include/my_robot_interfaces/my_robot_interfaces/action/detail/predator_movement__type_support.hpp
[1.892s] -- Up-to-date: /home/adi/RosProjects/install/my_robot_interfaces/include/my_robot_interfaces/my_robot_interfaces/action/predator_movement.hpp
[1.892s] -- Up-to-date: /home/adi/RosProjects/install/my_robot_interfaces/include/my_robot_interfaces/my_robot_interfaces/msg
[1.892s] -- Up-to-date: /home/adi/RosProjects/install/my_robot_interfaces/include/my_robot_interfaces/my_robot_interfaces/msg/pred_turtle_location.hpp
[1.892s] -- Up-to-date: /home/adi/RosProjects/install/my_robot_interfaces/include/my_robot_interfaces/my_robot_interfaces/msg/detail
[1.893s] -- Up-to-date: /home/adi/RosProjects/install/my_robot_interfaces/include/my_robot_interfaces/my_robot_interfaces/msg/detail/hardware_status__traits.hpp
[1.893s] -- Up-to-date: /home/adi/RosProjects/install/my_robot_interfaces/include/my_robot_interfaces/my_robot_interfaces/msg/detail/battery_status__type_support.hpp
[1.893s] -- Up-to-date: /home/adi/RosProjects/install/my_robot_interfaces/include/my_robot_interfaces/my_robot_interfaces/msg/detail/pred_turtle_location__builder.hpp
[1.893s] -- Up-to-date: /home/adi/RosProjects/install/my_robot_interfaces/include/my_robot_interfaces/my_robot_interfaces/msg/detail/battery_status__traits.hpp
[1.893s] -- Up-to-date: /home/adi/RosProjects/install/my_robot_interfaces/include/my_robot_interfaces/my_robot_interfaces/msg/detail/pred_turtle_location__struct.hpp
[1.893s] -- Up-to-date: /home/adi/RosProjects/install/my_robot_interfaces/include/my_robot_interfaces/my_robot_interfaces/msg/detail/hardware_status__type_support.hpp
[1.893s] -- Up-to-date: /home/adi/RosProjects/install/my_robot_interfaces/include/my_robot_interfaces/my_robot_interfaces/msg/detail/battery_status__struct.hpp
[1.893s] -- Up-to-date: /home/adi/RosProjects/install/my_robot_interfaces/include/my_robot_interfaces/my_robot_interfaces/msg/detail/pred_turtle_location__type_support.hpp
[1.893s] -- Up-to-date: /home/adi/RosProjects/install/my_robot_interfaces/include/my_robot_interfaces/my_robot_interfaces/msg/detail/battery_status__builder.hpp
[1.893s] -- Up-to-date: /home/adi/RosProjects/install/my_robot_interfaces/include/my_robot_interfaces/my_robot_interfaces/msg/detail/pred_turtle_location__traits.hpp
[1.893s] -- Up-to-date: /home/adi/RosProjects/install/my_robot_interfaces/include/my_robot_interfaces/my_robot_interfaces/msg/detail/hardware_status__struct.hpp
[1.893s] -- Up-to-date: /home/adi/RosProjects/install/my_robot_interfaces/include/my_robot_interfaces/my_robot_interfaces/msg/detail/hardware_status__builder.hpp
[1.893s] -- Up-to-date: /home/adi/RosProjects/install/my_robot_interfaces/include/my_robot_interfaces/my_robot_interfaces/msg/battery_status.hpp
[1.893s] -- Up-to-date: /home/adi/RosProjects/install/my_robot_interfaces/include/my_robot_interfaces/my_robot_interfaces/msg/hardware_status.hpp
[1.893s] -- Up-to-date: /home/adi/RosProjects/install/my_robot_interfaces/include/my_robot_interfaces/my_robot_interfaces/msg/rosidl_generator_cpp__visibility_control.hpp
[1.893s] -- Up-to-date: /home/adi/RosProjects/install/my_robot_interfaces/include/my_robot_interfaces/my_robot_interfaces
[1.893s] -- Up-to-date: /home/adi/RosProjects/install/my_robot_interfaces/include/my_robot_interfaces/my_robot_interfaces/srv
[1.893s] -- Up-to-date: /home/adi/RosProjects/install/my_robot_interfaces/include/my_robot_interfaces/my_robot_interfaces/srv/detail
[1.894s] -- Up-to-date: /home/adi/RosProjects/install/my_robot_interfaces/include/my_robot_interfaces/my_robot_interfaces/srv/detail/spawn_turtle__rosidl_typesupport_fastrtps_cpp.hpp
[1.894s] -- Up-to-date: /home/adi/RosProjects/install/my_robot_interfaces/include/my_robot_interfaces/my_robot_interfaces/srv/detail/dds_fastrtps
[1.894s] -- Up-to-date: /home/adi/RosProjects/install/my_robot_interfaces/include/my_robot_interfaces/my_robot_interfaces/srv/detail/prey_turtle_location__rosidl_typesupport_fastrtps_cpp.hpp
[1.894s] -- Up-to-date: /home/adi/RosProjects/install/my_robot_interfaces/include/my_robot_interfaces/my_robot_interfaces/srv/detail/set_led_status__rosidl_typesupport_fastrtps_cpp.hpp
[1.894s] -- Up-to-date: /home/adi/RosProjects/install/my_robot_interfaces/include/my_robot_interfaces/my_robot_interfaces/srv/detail/compute_rectangle_area__rosidl_typesupport_fastrtps_cpp.hpp
[1.894s] -- Up-to-date: /home/adi/RosProjects/install/my_robot_interfaces/include/my_robot_interfaces/my_robot_interfaces/action
[1.895s] -- Up-to-date: /home/adi/RosProjects/install/my_robot_interfaces/include/my_robot_interfaces/my_robot_interfaces/action/detail
[1.895s] -- Up-to-date: /home/adi/RosProjects/install/my_robot_interfaces/include/my_robot_interfaces/my_robot_interfaces/action/detail/predator_movement__rosidl_typesupport_fastrtps_cpp.hpp
[1.895s] -- Up-to-date: /home/adi/RosProjects/install/my_robot_interfaces/include/my_robot_interfaces/my_robot_interfaces/action/detail/dds_fastrtps
[1.895s] -- Up-to-date: /home/adi/RosProjects/install/my_robot_interfaces/include/my_robot_interfaces/my_robot_interfaces/msg
[1.895s] -- Up-to-date: /home/adi/RosProjects/install/my_robot_interfaces/include/my_robot_interfaces/my_robot_interfaces/msg/detail
[1.896s] -- Up-to-date: /home/adi/RosProjects/install/my_robot_interfaces/include/my_robot_interfaces/my_robot_interfaces/msg/detail/dds_fastrtps
[1.896s] -- Up-to-date: /home/adi/RosProjects/install/my_robot_interfaces/include/my_robot_interfaces/my_robot_interfaces/msg/detail/battery_status__rosidl_typesupport_fastrtps_cpp.hpp
[1.896s] -- Up-to-date: /home/adi/RosProjects/install/my_robot_interfaces/include/my_robot_interfaces/my_robot_interfaces/msg/detail/hardware_status__rosidl_typesupport_fastrtps_cpp.hpp
[1.896s] -- Up-to-date: /home/adi/RosProjects/install/my_robot_interfaces/include/my_robot_interfaces/my_robot_interfaces/msg/detail/pred_turtle_location__rosidl_typesupport_fastrtps_cpp.hpp
[1.896s] -- Up-to-date: /home/adi/RosProjects/install/my_robot_interfaces/include/my_robot_interfaces/my_robot_interfaces/msg/rosidl_typesupport_fastrtps_cpp__visibility_control.h
[1.896s] -- Installing: /home/adi/RosProjects/install/my_robot_interfaces/lib/libmy_robot_interfaces__rosidl_typesupport_fastrtps_cpp.so
[1.896s] -- Set runtime path of "/home/adi/RosProjects/install/my_robot_interfaces/lib/libmy_robot_interfaces__rosidl_typesupport_fastrtps_cpp.so" to ""
[1.896s] -- Up-to-date: /home/adi/RosProjects/install/my_robot_interfaces/include/my_robot_interfaces/my_robot_interfaces
[1.896s] -- Up-to-date: /home/adi/RosProjects/install/my_robot_interfaces/include/my_robot_interfaces/my_robot_interfaces/srv
[1.896s] -- Up-to-date: /home/adi/RosProjects/install/my_robot_interfaces/include/my_robot_interfaces/my_robot_interfaces/srv/detail
[1.896s] -- Up-to-date: /home/adi/RosProjects/install/my_robot_interfaces/include/my_robot_interfaces/my_robot_interfaces/srv/detail/compute_rectangle_area__type_support.cpp
[1.896s] -- Up-to-date: /home/adi/RosProjects/install/my_robot_interfaces/include/my_robot_interfaces/my_robot_interfaces/srv/detail/set_led_status__rosidl_typesupport_introspection_cpp.hpp
[1.897s] -- Up-to-date: /home/adi/RosProjects/install/my_robot_interfaces/include/my_robot_interfaces/my_robot_interfaces/srv/detail/prey_turtle_location__type_support.cpp
[1.897s] -- Up-to-date: /home/adi/RosProjects/install/my_robot_interfaces/include/my_robot_interfaces/my_robot_interfaces/srv/detail/set_led_status__type_support.cpp
[1.897s] -- Up-to-date: /home/adi/RosProjects/install/my_robot_interfaces/include/my_robot_interfaces/my_robot_interfaces/srv/detail/spawn_turtle__rosidl_typesupport_introspection_cpp.hpp
[1.897s] -- Up-to-date: /home/adi/RosProjects/install/my_robot_interfaces/include/my_robot_interfaces/my_robot_interfaces/srv/detail/spawn_turtle__type_support.cpp
[1.897s] -- Up-to-date: /home/adi/RosProjects/install/my_robot_interfaces/include/my_robot_interfaces/my_robot_interfaces/srv/detail/compute_rectangle_area__rosidl_typesupport_introspection_cpp.hpp
[1.897s] -- Up-to-date: /home/adi/RosProjects/install/my_robot_interfaces/include/my_robot_interfaces/my_robot_interfaces/srv/detail/prey_turtle_location__rosidl_typesupport_introspection_cpp.hpp
[1.897s] -- Up-to-date: /home/adi/RosProjects/install/my_robot_interfaces/include/my_robot_interfaces/my_robot_interfaces/action
[1.897s] -- Up-to-date: /home/adi/RosProjects/install/my_robot_interfaces/include/my_robot_interfaces/my_robot_interfaces/action/detail
[1.897s] -- Up-to-date: /home/adi/RosProjects/install/my_robot_interfaces/include/my_robot_interfaces/my_robot_interfaces/action/detail/predator_movement__type_support.cpp
[1.898s] -- Up-to-date: /home/adi/RosProjects/install/my_robot_interfaces/include/my_robot_interfaces/my_robot_interfaces/action/detail/predator_movement__rosidl_typesupport_introspection_cpp.hpp
[1.898s] -- Up-to-date: /home/adi/RosProjects/install/my_robot_interfaces/include/my_robot_interfaces/my_robot_interfaces/msg
[1.898s] -- Up-to-date: /home/adi/RosProjects/install/my_robot_interfaces/include/my_robot_interfaces/my_robot_interfaces/msg/detail
[1.898s] -- Up-to-date: /home/adi/RosProjects/install/my_robot_interfaces/include/my_robot_interfaces/my_robot_interfaces/msg/detail/battery_status__rosidl_typesupport_introspection_cpp.hpp
[1.898s] -- Up-to-date: /home/adi/RosProjects/install/my_robot_interfaces/include/my_robot_interfaces/my_robot_interfaces/msg/detail/hardware_status__rosidl_typesupport_introspection_cpp.hpp
[1.898s] -- Up-to-date: /home/adi/RosProjects/install/my_robot_interfaces/include/my_robot_interfaces/my_robot_interfaces/msg/detail/pred_turtle_location__rosidl_typesupport_introspection_cpp.hpp
[1.898s] -- Up-to-date: /home/adi/RosProjects/install/my_robot_interfaces/include/my_robot_interfaces/my_robot_interfaces/msg/detail/pred_turtle_location__type_support.cpp
[1.898s] -- Up-to-date: /home/adi/RosProjects/install/my_robot_interfaces/include/my_robot_interfaces/my_robot_interfaces/msg/detail/hardware_status__type_support.cpp
[1.898s] -- Up-to-date: /home/adi/RosProjects/install/my_robot_interfaces/include/my_robot_interfaces/my_robot_interfaces/msg/detail/battery_status__type_support.cpp
[1.899s] -- Installing: /home/adi/RosProjects/install/my_robot_interfaces/lib/libmy_robot_interfaces__rosidl_typesupport_introspection_cpp.so
[1.899s] -- Set runtime path of "/home/adi/RosProjects/install/my_robot_interfaces/lib/libmy_robot_interfaces__rosidl_typesupport_introspection_cpp.so" to ""
[1.899s] -- Installing: /home/adi/RosProjects/install/my_robot_interfaces/lib/libmy_robot_interfaces__rosidl_typesupport_cpp.so
[1.899s] -- Set runtime path of "/home/adi/RosProjects/install/my_robot_interfaces/lib/libmy_robot_interfaces__rosidl_typesupport_cpp.so" to ""
[1.899s] -- Up-to-date: /home/adi/RosProjects/install/my_robot_interfaces/share/my_robot_interfaces/environment/pythonpath.sh
[1.899s] -- Installing: /home/adi/RosProjects/install/my_robot_interfaces/share/my_robot_interfaces/environment/pythonpath.dsv
[1.899s] -- Up-to-date: /home/adi/RosProjects/install/my_robot_interfaces/local/lib/python3.10/dist-packages/my_robot_interfaces-0.0.0-py3.10.egg-info
[1.899s] -- Installing: /home/adi/RosProjects/install/my_robot_interfaces/local/lib/python3.10/dist-packages/my_robot_interfaces-0.0.0-py3.10.egg-info/dependency_links.txt
[1.899s] -- Installing: /home/adi/RosProjects/install/my_robot_interfaces/local/lib/python3.10/dist-packages/my_robot_interfaces-0.0.0-py3.10.egg-info/SOURCES.txt
[1.899s] -- Installing: /home/adi/RosProjects/install/my_robot_interfaces/local/lib/python3.10/dist-packages/my_robot_interfaces-0.0.0-py3.10.egg-info/top_level.txt
[1.900s] -- Installing: /home/adi/RosProjects/install/my_robot_interfaces/local/lib/python3.10/dist-packages/my_robot_interfaces-0.0.0-py3.10.egg-info/PKG-INFO
[1.900s] -- Up-to-date: /home/adi/RosProjects/install/my_robot_interfaces/local/lib/python3.10/dist-packages/my_robot_interfaces
[1.900s] -- Up-to-date: /home/adi/RosProjects/install/my_robot_interfaces/local/lib/python3.10/dist-packages/my_robot_interfaces/srv
[1.900s] -- Up-to-date: /home/adi/RosProjects/install/my_robot_interfaces/local/lib/python3.10/dist-packages/my_robot_interfaces/srv/__init__.py
[1.900s] -- Up-to-date: /home/adi/RosProjects/install/my_robot_interfaces/local/lib/python3.10/dist-packages/my_robot_interfaces/srv/_set_led_status.py
[1.900s] -- Up-to-date: /home/adi/RosProjects/install/my_robot_interfaces/local/lib/python3.10/dist-packages/my_robot_interfaces/srv/_prey_turtle_location.py
[1.900s] -- Up-to-date: /home/adi/RosProjects/install/my_robot_interfaces/local/lib/python3.10/dist-packages/my_robot_interfaces/srv/_spawn_turtle.py
[1.900s] -- Up-to-date: /home/adi/RosProjects/install/my_robot_interfaces/local/lib/python3.10/dist-packages/my_robot_interfaces/srv/_set_led_status_s.c
[1.900s] -- Up-to-date: /home/adi/RosProjects/install/my_robot_interfaces/local/lib/python3.10/dist-packages/my_robot_interfaces/srv/_spawn_turtle_s.c
[1.900s] -- Up-to-date: /home/adi/RosProjects/install/my_robot_interfaces/local/lib/python3.10/dist-packages/my_robot_interfaces/srv/_compute_rectangle_area_s.c
[1.900s] -- Up-to-date: /home/adi/RosProjects/install/my_robot_interfaces/local/lib/python3.10/dist-packages/my_robot_interfaces/srv/_prey_turtle_location_s.c
[1.900s] -- Up-to-date: /home/adi/RosProjects/install/my_robot_interfaces/local/lib/python3.10/dist-packages/my_robot_interfaces/srv/_compute_rectangle_area.py
[1.900s] -- Installing: /home/adi/RosProjects/install/my_robot_interfaces/local/lib/python3.10/dist-packages/my_robot_interfaces/__init__.py
[1.901s] -- Up-to-date: /home/adi/RosProjects/install/my_robot_interfaces/local/lib/python3.10/dist-packages/my_robot_interfaces/action
[1.901s] -- Up-to-date: /home/adi/RosProjects/install/my_robot_interfaces/local/lib/python3.10/dist-packages/my_robot_interfaces/action/__init__.py
[1.901s] -- Up-to-date: /home/adi/RosProjects/install/my_robot_interfaces/local/lib/python3.10/dist-packages/my_robot_interfaces/action/_predator_movement_s.c
[1.901s] -- Up-to-date: /home/adi/RosProjects/install/my_robot_interfaces/local/lib/python3.10/dist-packages/my_robot_interfaces/action/_predator_movement.py
[1.901s] -- Installing: /home/adi/RosProjects/install/my_robot_interfaces/local/lib/python3.10/dist-packages/my_robot_interfaces/libmy_robot_interfaces__rosidl_generator_py.so
[1.901s] -- Installing: /home/adi/RosProjects/install/my_robot_interfaces/local/lib/python3.10/dist-packages/my_robot_interfaces/my_robot_interfaces_s__rosidl_typesupport_c.cpython-310-x86_64-linux-gnu.so
[1.901s] -- Installing: /home/adi/RosProjects/install/my_robot_interfaces/local/lib/python3.10/dist-packages/my_robot_interfaces/my_robot_interfaces_s__rosidl_typesupport_fastrtps_c.cpython-310-x86_64-linux-gnu.so
[1.901s] -- Up-to-date: /home/adi/RosProjects/install/my_robot_interfaces/local/lib/python3.10/dist-packages/my_robot_interfaces/_my_robot_interfaces_s.ep.rosidl_typesupport_c.c
[1.901s] -- Up-to-date: /home/adi/RosProjects/install/my_robot_interfaces/local/lib/python3.10/dist-packages/my_robot_interfaces/_my_robot_interfaces_s.ep.rosidl_typesupport_fastrtps_c.c
[1.901s] -- Installing: /home/adi/RosProjects/install/my_robot_interfaces/local/lib/python3.10/dist-packages/my_robot_interfaces/my_robot_interfaces_s__rosidl_typesupport_introspection_c.cpython-310-x86_64-linux-gnu.so
[1.901s] -- Up-to-date: /home/adi/RosProjects/install/my_robot_interfaces/local/lib/python3.10/dist-packages/my_robot_interfaces/msg
[1.901s] -- Up-to-date: /home/adi/RosProjects/install/my_robot_interfaces/local/lib/python3.10/dist-packages/my_robot_interfaces/msg/__init__.py
[1.901s] -- Up-to-date: /home/adi/RosProjects/install/my_robot_interfaces/local/lib/python3.10/dist-packages/my_robot_interfaces/msg/_pred_turtle_location.py
[1.901s] -- Up-to-date: /home/adi/RosProjects/install/my_robot_interfaces/local/lib/python3.10/dist-packages/my_robot_interfaces/msg/_hardware_status.py
[1.901s] -- Up-to-date: /home/adi/RosProjects/install/my_robot_interfaces/local/lib/python3.10/dist-packages/my_robot_interfaces/msg/_battery_status.py
[1.902s] -- Up-to-date: /home/adi/RosProjects/install/my_robot_interfaces/local/lib/python3.10/dist-packages/my_robot_interfaces/msg/_battery_status_s.c
[1.902s] -- Up-to-date: /home/adi/RosProjects/install/my_robot_interfaces/local/lib/python3.10/dist-packages/my_robot_interfaces/msg/_hardware_status_s.c
[1.902s] -- Up-to-date: /home/adi/RosProjects/install/my_robot_interfaces/local/lib/python3.10/dist-packages/my_robot_interfaces/msg/_pred_turtle_location_s.c
[1.902s] -- Up-to-date: /home/adi/RosProjects/install/my_robot_interfaces/local/lib/python3.10/dist-packages/my_robot_interfaces/_my_robot_interfaces_s.ep.rosidl_typesupport_introspection_c.c
[1.935s] Listing '/home/adi/RosProjects/install/my_robot_interfaces/local/lib/python3.10/dist-packages/my_robot_interfaces'...
[1.935s] Compiling '/home/adi/RosProjects/install/my_robot_interfaces/local/lib/python3.10/dist-packages/my_robot_interfaces/__init__.py'...
[1.935s] Listing '/home/adi/RosProjects/install/my_robot_interfaces/local/lib/python3.10/dist-packages/my_robot_interfaces/action'...
[1.935s] Listing '/home/adi/RosProjects/install/my_robot_interfaces/local/lib/python3.10/dist-packages/my_robot_interfaces/msg'...
[1.935s] Listing '/home/adi/RosProjects/install/my_robot_interfaces/local/lib/python3.10/dist-packages/my_robot_interfaces/srv'...
[1.942s] -- Installing: /home/adi/RosProjects/install/my_robot_interfaces/local/lib/python3.10/dist-packages/my_robot_interfaces/my_robot_interfaces_s__rosidl_typesupport_fastrtps_c.cpython-310-x86_64-linux-gnu.so
[1.942s] -- Set runtime path of "/home/adi/RosProjects/install/my_robot_interfaces/local/lib/python3.10/dist-packages/my_robot_interfaces/my_robot_interfaces_s__rosidl_typesupport_fastrtps_c.cpython-310-x86_64-linux-gnu.so" to ""
[1.942s] -- Installing: /home/adi/RosProjects/install/my_robot_interfaces/local/lib/python3.10/dist-packages/my_robot_interfaces/my_robot_interfaces_s__rosidl_typesupport_introspection_c.cpython-310-x86_64-linux-gnu.so
[1.943s] -- Set runtime path of "/home/adi/RosProjects/install/my_robot_interfaces/local/lib/python3.10/dist-packages/my_robot_interfaces/my_robot_interfaces_s__rosidl_typesupport_introspection_c.cpython-310-x86_64-linux-gnu.so" to ""
[1.943s] -- Installing: /home/adi/RosProjects/install/my_robot_interfaces/local/lib/python3.10/dist-packages/my_robot_interfaces/my_robot_interfaces_s__rosidl_typesupport_c.cpython-310-x86_64-linux-gnu.so
[1.944s] -- Set runtime path of "/home/adi/RosProjects/install/my_robot_interfaces/local/lib/python3.10/dist-packages/my_robot_interfaces/my_robot_interfaces_s__rosidl_typesupport_c.cpython-310-x86_64-linux-gnu.so" to ""
[1.944s] -- Installing: /home/adi/RosProjects/install/my_robot_interfaces/lib/libmy_robot_interfaces__rosidl_generator_py.so
[1.945s] -- Set runtime path of "/home/adi/RosProjects/install/my_robot_interfaces/lib/libmy_robot_interfaces__rosidl_generator_py.so" to ""
[1.945s] -- Up-to-date: /home/adi/RosProjects/install/my_robot_interfaces/share/my_robot_interfaces/msg/HardwareStatus.idl
[1.945s] -- Up-to-date: /home/adi/RosProjects/install/my_robot_interfaces/share/my_robot_interfaces/srv/ComputeRectangleArea.idl
[1.945s] -- Up-to-date: /home/adi/RosProjects/install/my_robot_interfaces/share/my_robot_interfaces/msg/BatteryStatus.idl
[1.945s] -- Up-to-date: /home/adi/RosProjects/install/my_robot_interfaces/share/my_robot_interfaces/srv/SetLedStatus.idl
[1.946s] -- Up-to-date: /home/adi/RosProjects/install/my_robot_interfaces/share/my_robot_interfaces/action/PredatorMovement.idl
[1.946s] -- Up-to-date: /home/adi/RosProjects/install/my_robot_interfaces/share/my_robot_interfaces/srv/SpawnTurtle.idl
[1.946s] -- Up-to-date: /home/adi/RosProjects/install/my_robot_interfaces/share/my_robot_interfaces/msg/HardwareStatus.msg
[1.946s] -- Up-to-date: /home/adi/RosProjects/install/my_robot_interfaces/share/my_robot_interfaces/srv/ComputeRectangleArea.srv
[1.946s] -- Up-to-date: /home/adi/RosProjects/install/my_robot_interfaces/share/my_robot_interfaces/srv/ComputeRectangleArea_Request.msg
[1.946s] -- Up-to-date: /home/adi/RosProjects/install/my_robot_interfaces/share/my_robot_interfaces/srv/ComputeRectangleArea_Response.msg
[1.946s] -- Up-to-date: /home/adi/RosProjects/install/my_robot_interfaces/share/my_robot_interfaces/msg/BatteryStatus.msg
[1.947s] -- Up-to-date: /home/adi/RosProjects/install/my_robot_interfaces/share/my_robot_interfaces/srv/SetLedStatus.srv
[1.947s] -- Up-to-date: /home/adi/RosProjects/install/my_robot_interfaces/share/my_robot_interfaces/srv/SetLedStatus_Request.msg
[1.947s] -- Up-to-date: /home/adi/RosProjects/install/my_robot_interfaces/share/my_robot_interfaces/srv/SetLedStatus_Response.msg
[1.947s] -- Up-to-date: /home/adi/RosProjects/install/my_robot_interfaces/share/my_robot_interfaces/action/PredatorMovement.action
[1.947s] -- Up-to-date: /home/adi/RosProjects/install/my_robot_interfaces/share/my_robot_interfaces/srv/SpawnTurtle.srv
[1.947s] -- Up-to-date: /home/adi/RosProjects/install/my_robot_interfaces/share/my_robot_interfaces/srv/SpawnTurtle_Request.msg
[1.947s] -- Up-to-date: /home/adi/RosProjects/install/my_robot_interfaces/share/my_robot_interfaces/srv/SpawnTurtle_Response.msg
[1.948s] -- Up-to-date: /home/adi/RosProjects/install/my_robot_interfaces/share/ament_index/resource_index/package_run_dependencies/my_robot_interfaces
[1.948s] -- Up-to-date: /home/adi/RosProjects/install/my_robot_interfaces/share/ament_index/resource_index/parent_prefix_path/my_robot_interfaces
[1.948s] -- Up-to-date: /home/adi/RosProjects/install/my_robot_interfaces/share/my_robot_interfaces/environment/ament_prefix_path.sh
[1.948s] -- Installing: /home/adi/RosProjects/install/my_robot_interfaces/share/my_robot_interfaces/environment/ament_prefix_path.dsv
[1.948s] -- Up-to-date: /home/adi/RosProjects/install/my_robot_interfaces/share/my_robot_interfaces/environment/path.sh
[1.948s] -- Installing: /home/adi/RosProjects/install/my_robot_interfaces/share/my_robot_interfaces/environment/path.dsv
[1.949s] -- Up-to-date: /home/adi/RosProjects/install/my_robot_interfaces/share/my_robot_interfaces/local_setup.bash
[1.950s] -- Up-to-date: /home/adi/RosProjects/install/my_robot_interfaces/share/my_robot_interfaces/local_setup.sh
[1.951s] -- Up-to-date: /home/adi/RosProjects/install/my_robot_interfaces/share/my_robot_interfaces/local_setup.zsh
[1.951s] -- Installing: /home/adi/RosProjects/install/my_robot_interfaces/share/my_robot_interfaces/local_setup.dsv
[1.952s] -- Installing: /home/adi/RosProjects/install/my_robot_interfaces/share/my_robot_interfaces/package.dsv
[1.952s] -- Up-to-date: /home/adi/RosProjects/install/my_robot_interfaces/share/ament_index/resource_index/packages/my_robot_interfaces
[1.952s] -- Up-to-date: /home/adi/RosProjects/install/my_robot_interfaces/share/my_robot_interfaces/cmake/export_my_robot_interfaces__rosidl_generator_cExport.cmake
[1.952s] -- Up-to-date: /home/adi/RosProjects/install/my_robot_interfaces/share/my_robot_interfaces/cmake/export_my_robot_interfaces__rosidl_generator_cExport-noconfig.cmake
[1.952s] -- Up-to-date: /home/adi/RosProjects/install/my_robot_interfaces/share/my_robot_interfaces/cmake/export_my_robot_interfaces__rosidl_typesupport_fastrtps_cExport.cmake
[1.952s] -- Up-to-date: /home/adi/RosProjects/install/my_robot_interfaces/share/my_robot_interfaces/cmake/export_my_robot_interfaces__rosidl_typesupport_fastrtps_cExport-noconfig.cmake
[1.952s] -- Up-to-date: /home/adi/RosProjects/install/my_robot_interfaces/share/my_robot_interfaces/cmake/my_robot_interfaces__rosidl_typesupport_introspection_cExport.cmake
[1.952s] -- Up-to-date: /home/adi/RosProjects/install/my_robot_interfaces/share/my_robot_interfaces/cmake/my_robot_interfaces__rosidl_typesupport_introspection_cExport-noconfig.cmake
[1.952s] -- Up-to-date: /home/adi/RosProjects/install/my_robot_interfaces/share/my_robot_interfaces/cmake/my_robot_interfaces__rosidl_typesupport_cExport.cmake
[1.952s] -- Up-to-date: /home/adi/RosProjects/install/my_robot_interfaces/share/my_robot_interfaces/cmake/my_robot_interfaces__rosidl_typesupport_cExport-noconfig.cmake
[1.952s] -- Up-to-date: /home/adi/RosProjects/install/my_robot_interfaces/share/my_robot_interfaces/cmake/export_my_robot_interfaces__rosidl_generator_cppExport.cmake
[1.952s] -- Up-to-date: /home/adi/RosProjects/install/my_robot_interfaces/share/my_robot_interfaces/cmake/export_my_robot_interfaces__rosidl_typesupport_fastrtps_cppExport.cmake
[1.952s] -- Up-to-date: /home/adi/RosProjects/install/my_robot_interfaces/share/my_robot_interfaces/cmake/export_my_robot_interfaces__rosidl_typesupport_fastrtps_cppExport-noconfig.cmake
[1.952s] -- Up-to-date: /home/adi/RosProjects/install/my_robot_interfaces/share/my_robot_interfaces/cmake/my_robot_interfaces__rosidl_typesupport_introspection_cppExport.cmake
[1.952s] -- Up-to-date: /home/adi/RosProjects/install/my_robot_interfaces/share/my_robot_interfaces/cmake/my_robot_interfaces__rosidl_typesupport_introspection_cppExport-noconfig.cmake
[1.952s] -- Up-to-date: /home/adi/RosProjects/install/my_robot_interfaces/share/my_robot_interfaces/cmake/my_robot_interfaces__rosidl_typesupport_cppExport.cmake
[1.953s] -- Up-to-date: /home/adi/RosProjects/install/my_robot_interfaces/share/my_robot_interfaces/cmake/my_robot_interfaces__rosidl_typesupport_cppExport-noconfig.cmake
[1.953s] -- Up-to-date: /home/adi/RosProjects/install/my_robot_interfaces/share/my_robot_interfaces/cmake/export_my_robot_interfaces__rosidl_generator_pyExport.cmake
[1.953s] -- Up-to-date: /home/adi/RosProjects/install/my_robot_interfaces/share/my_robot_interfaces/cmake/export_my_robot_interfaces__rosidl_generator_pyExport-noconfig.cmake
[1.953s] -- Installing: /home/adi/RosProjects/install/my_robot_interfaces/share/my_robot_interfaces/cmake/rosidl_cmake-extras.cmake
[1.953s] -- Up-to-date: /home/adi/RosProjects/install/my_robot_interfaces/share/my_robot_interfaces/cmake/ament_cmake_export_dependencies-extras.cmake
[1.953s] -- Up-to-date: /home/adi/RosProjects/install/my_robot_interfaces/share/my_robot_interfaces/cmake/ament_cmake_export_include_directories-extras.cmake
[1.953s] -- Up-to-date: /home/adi/RosProjects/install/my_robot_interfaces/share/my_robot_interfaces/cmake/ament_cmake_export_libraries-extras.cmake
[1.953s] -- Up-to-date: /home/adi/RosProjects/install/my_robot_interfaces/share/my_robot_interfaces/cmake/ament_cmake_export_targets-extras.cmake
[1.953s] -- Up-to-date: /home/adi/RosProjects/install/my_robot_interfaces/share/my_robot_interfaces/cmake/rosidl_cmake_export_typesupport_targets-extras.cmake
[1.953s] -- Up-to-date: /home/adi/RosProjects/install/my_robot_interfaces/share/my_robot_interfaces/cmake/rosidl_cmake_export_typesupport_libraries-extras.cmake
[1.953s] -- Up-to-date: /home/adi/RosProjects/install/my_robot_interfaces/share/my_robot_interfaces/cmake/my_robot_interfacesConfig.cmake
[1.953s] -- Up-to-date: /home/adi/RosProjects/install/my_robot_interfaces/share/my_robot_interfaces/cmake/my_robot_interfacesConfig-version.cmake
[1.953s] -- Up-to-date: /home/adi/RosProjects/install/my_robot_interfaces/share/my_robot_interfaces/package.xml
[1.960s] Invoked command in '/home/adi/RosProjects/build/my_robot_interfaces' returned '0': CMAKE_PREFIX_PATH=${CMAKE_PREFIX_PATH}:/home/adi/RosProjects/install/my_py_pkg:/home/adi/install/my_py_pkg:/opt/ros/humble /usr/bin/cmake --install /home/adi/RosProjects/build/my_robot_interfaces
