[0.097s] DEBUG:colcon:Command line arguments: ['/usr/bin/colcon', 'build']
[0.097s] DEBUG:colcon:Parsed command line arguments: Namespace(log_base=None, log_level=None, verb_name='build', build_base='build', install_base='install', merge_install=False, symlink_install=False, test_result_base=None, continue_on_error=False, executor='parallel', parallel_workers=4, event_handlers=None, ignore_user_meta=False, metas=['./colcon.meta'], base_paths=['.'], packages_ignore=None, packages_ignore_regex=None, paths=None, packages_up_to=None, packages_up_to_regex=None, packages_above=None, packages_above_and_dependencies=None, packages_above_depth=None, packages_select_by_dep=None, packages_skip_by_dep=None, packages_skip_up_to=None, packages_select_build_failed=False, packages_skip_build_finished=False, packages_select_test_failures=False, packages_skip_test_passed=False, packages_select=None, packages_skip=None, packages_select_regex=None, packages_skip_regex=None, packages_start=None, packages_end=None, allow_overriding=[], cmake_args=None, cmake_target=None, cmake_target_skip_unavailable=False, cmake_clean_cache=False, cmake_clean_first=False, cmake_force_configure=False, ament_cmake_args=None, catkin_cmake_args=None, catkin_skip_building_tests=False, mixin_files=None, mixin=None, verb_parser=<colcon_mixin.mixin.mixin_argument.MixinArgumentDecorator object at 0x7145b576ae00>, verb_extension=<colcon_core.verb.build.BuildVerb object at 0x7145b576a950>, main=<bound method BuildVerb.main of <colcon_core.verb.build.BuildVerb object at 0x7145b576a950>>, mixin_verb=('build',))
[0.254s] Level 1:colcon.colcon_core.package_discovery:discover_packages(colcon_meta) check parameters
[0.254s] Level 1:colcon.colcon_core.package_discovery:discover_packages(recursive) check parameters
[0.254s] Level 1:colcon.colcon_core.package_discovery:discover_packages(ignore) check parameters
[0.254s] Level 1:colcon.colcon_core.package_discovery:discover_packages(path) check parameters
[0.254s] Level 1:colcon.colcon_core.package_discovery:discover_packages(colcon_meta) discover
[0.254s] Level 1:colcon.colcon_core.package_discovery:discover_packages(recursive) discover
[0.254s] INFO:colcon.colcon_core.package_discovery:Crawling recursively for packages in '/home/adi/RosProjects'
[0.254s] Level 1:colcon.colcon_core.package_identification:_identify(.) by extensions ['ignore', 'ignore_ament_install']
[0.254s] Level 1:colcon.colcon_core.package_identification:_identify(.) by extension 'ignore'
[0.255s] Level 1:colcon.colcon_core.package_identification:_identify(.) by extension 'ignore_ament_install'
[0.255s] Level 1:colcon.colcon_core.package_identification:_identify(.) by extensions ['colcon_pkg']
[0.255s] Level 1:colcon.colcon_core.package_identification:_identify(.) by extension 'colcon_pkg'
[0.255s] Level 1:colcon.colcon_core.package_identification:_identify(.) by extensions ['colcon_meta']
[0.255s] Level 1:colcon.colcon_core.package_identification:_identify(.) by extension 'colcon_meta'
[0.255s] Level 1:colcon.colcon_core.package_identification:_identify(.) by extensions ['ros']
[0.255s] Level 1:colcon.colcon_core.package_identification:_identify(.) by extension 'ros'
[0.265s] Level 1:colcon.colcon_core.package_identification:_identify(.) by extensions ['cmake', 'python']
[0.265s] Level 1:colcon.colcon_core.package_identification:_identify(.) by extension 'cmake'
[0.265s] Level 1:colcon.colcon_core.package_identification:_identify(.) by extension 'python'
[0.265s] Level 1:colcon.colcon_core.package_identification:_identify(.) by extensions ['python_setup_py']
[0.265s] Level 1:colcon.colcon_core.package_identification:_identify(.) by extension 'python_setup_py'
[0.266s] Level 1:colcon.colcon_core.package_identification:_identify(build) by extensions ['ignore', 'ignore_ament_install']
[0.266s] Level 1:colcon.colcon_core.package_identification:_identify(build) by extension 'ignore'
[0.266s] Level 1:colcon.colcon_core.package_identification:_identify(build) ignored
[0.266s] Level 1:colcon.colcon_core.package_identification:_identify(install) by extensions ['ignore', 'ignore_ament_install']
[0.266s] Level 1:colcon.colcon_core.package_identification:_identify(install) by extension 'ignore'
[0.266s] Level 1:colcon.colcon_core.package_identification:_identify(install) ignored
[0.267s] Level 1:colcon.colcon_core.package_identification:_identify(log) by extensions ['ignore', 'ignore_ament_install']
[0.267s] Level 1:colcon.colcon_core.package_identification:_identify(log) by extension 'ignore'
[0.267s] Level 1:colcon.colcon_core.package_identification:_identify(log) ignored
[0.267s] Level 1:colcon.colcon_core.package_identification:_identify(my_py_pkg) by extensions ['ignore', 'ignore_ament_install']
[0.267s] Level 1:colcon.colcon_core.package_identification:_identify(my_py_pkg) by extension 'ignore'
[0.267s] Level 1:colcon.colcon_core.package_identification:_identify(my_py_pkg) by extension 'ignore_ament_install'
[0.267s] Level 1:colcon.colcon_core.package_identification:_identify(my_py_pkg) by extensions ['colcon_pkg']
[0.267s] Level 1:colcon.colcon_core.package_identification:_identify(my_py_pkg) by extension 'colcon_pkg'
[0.267s] Level 1:colcon.colcon_core.package_identification:_identify(my_py_pkg) by extensions ['colcon_meta']
[0.267s] Level 1:colcon.colcon_core.package_identification:_identify(my_py_pkg) by extension 'colcon_meta'
[0.267s] Level 1:colcon.colcon_core.package_identification:_identify(my_py_pkg) by extensions ['ros']
[0.267s] Level 1:colcon.colcon_core.package_identification:_identify(my_py_pkg) by extension 'ros'
[0.267s] Level 1:colcon.colcon_core.package_identification:_identify(my_py_pkg) by extensions ['cmake', 'python']
[0.267s] Level 1:colcon.colcon_core.package_identification:_identify(my_py_pkg) by extension 'cmake'
[0.267s] Level 1:colcon.colcon_core.package_identification:_identify(my_py_pkg) by extension 'python'
[0.267s] Level 1:colcon.colcon_core.package_identification:_identify(my_py_pkg) by extensions ['python_setup_py']
[0.267s] Level 1:colcon.colcon_core.package_identification:_identify(my_py_pkg) by extension 'python_setup_py'
[0.267s] Level 1:colcon.colcon_core.package_identification:_identify(my_py_pkg/my_py_pkg) by extensions ['ignore', 'ignore_ament_install']
[0.267s] Level 1:colcon.colcon_core.package_identification:_identify(my_py_pkg/my_py_pkg) by extension 'ignore'
[0.267s] Level 1:colcon.colcon_core.package_identification:_identify(my_py_pkg/my_py_pkg) by extension 'ignore_ament_install'
[0.267s] Level 1:colcon.colcon_core.package_identification:_identify(my_py_pkg/my_py_pkg) by extensions ['colcon_pkg']
[0.268s] Level 1:colcon.colcon_core.package_identification:_identify(my_py_pkg/my_py_pkg) by extension 'colcon_pkg'
[0.268s] Level 1:colcon.colcon_core.package_identification:_identify(my_py_pkg/my_py_pkg) by extensions ['colcon_meta']
[0.268s] Level 1:colcon.colcon_core.package_identification:_identify(my_py_pkg/my_py_pkg) by extension 'colcon_meta'
[0.268s] Level 1:colcon.colcon_core.package_identification:_identify(my_py_pkg/my_py_pkg) by extensions ['ros']
[0.268s] Level 1:colcon.colcon_core.package_identification:_identify(my_py_pkg/my_py_pkg) by extension 'ros'
[0.268s] Level 1:colcon.colcon_core.package_identification:_identify(my_py_pkg/my_py_pkg) by extensions ['cmake', 'python']
[0.268s] Level 1:colcon.colcon_core.package_identification:_identify(my_py_pkg/my_py_pkg) by extension 'cmake'
[0.268s] Level 1:colcon.colcon_core.package_identification:_identify(my_py_pkg/my_py_pkg) by extension 'python'
[0.268s] Level 1:colcon.colcon_core.package_identification:_identify(my_py_pkg/my_py_pkg) by extensions ['python_setup_py']
[0.268s] Level 1:colcon.colcon_core.package_identification:_identify(my_py_pkg/my_py_pkg) by extension 'python_setup_py'
[0.268s] Level 1:colcon.colcon_core.package_identification:_identify(src) by extensions ['ignore', 'ignore_ament_install']
[0.268s] Level 1:colcon.colcon_core.package_identification:_identify(src) by extension 'ignore'
[0.268s] Level 1:colcon.colcon_core.package_identification:_identify(src) by extension 'ignore_ament_install'
[0.268s] Level 1:colcon.colcon_core.package_identification:_identify(src) by extensions ['colcon_pkg']
[0.268s] Level 1:colcon.colcon_core.package_identification:_identify(src) by extension 'colcon_pkg'
[0.268s] Level 1:colcon.colcon_core.package_identification:_identify(src) by extensions ['colcon_meta']
[0.268s] Level 1:colcon.colcon_core.package_identification:_identify(src) by extension 'colcon_meta'
[0.268s] Level 1:colcon.colcon_core.package_identification:_identify(src) by extensions ['ros']
[0.268s] Level 1:colcon.colcon_core.package_identification:_identify(src) by extension 'ros'
[0.268s] Level 1:colcon.colcon_core.package_identification:_identify(src) by extensions ['cmake', 'python']
[0.268s] Level 1:colcon.colcon_core.package_identification:_identify(src) by extension 'cmake'
[0.268s] Level 1:colcon.colcon_core.package_identification:_identify(src) by extension 'python'
[0.268s] Level 1:colcon.colcon_core.package_identification:_identify(src) by extensions ['python_setup_py']
[0.269s] Level 1:colcon.colcon_core.package_identification:_identify(src) by extension 'python_setup_py'
[0.269s] Level 1:colcon.colcon_core.package_identification:_identify(src/my_py_pkg) by extensions ['ignore', 'ignore_ament_install']
[0.269s] Level 1:colcon.colcon_core.package_identification:_identify(src/my_py_pkg) by extension 'ignore'
[0.269s] Level 1:colcon.colcon_core.package_identification:_identify(src/my_py_pkg) by extension 'ignore_ament_install'
[0.269s] Level 1:colcon.colcon_core.package_identification:_identify(src/my_py_pkg) by extensions ['colcon_pkg']
[0.269s] Level 1:colcon.colcon_core.package_identification:_identify(src/my_py_pkg) by extension 'colcon_pkg'
[0.269s] Level 1:colcon.colcon_core.package_identification:_identify(src/my_py_pkg) by extensions ['colcon_meta']
[0.269s] Level 1:colcon.colcon_core.package_identification:_identify(src/my_py_pkg) by extension 'colcon_meta'
[0.269s] Level 1:colcon.colcon_core.package_identification:_identify(src/my_py_pkg) by extensions ['ros']
[0.269s] Level 1:colcon.colcon_core.package_identification:_identify(src/my_py_pkg) by extension 'ros'
[0.271s] DEBUG:colcon.colcon_core.package_identification:Package 'src/my_py_pkg' with type 'ros.ament_python' and name 'my_py_pkg'
[0.271s] Level 1:colcon.colcon_core.package_identification:_identify(src/my_robot_bringup) by extensions ['ignore', 'ignore_ament_install']
[0.271s] Level 1:colcon.colcon_core.package_identification:_identify(src/my_robot_bringup) by extension 'ignore'
[0.272s] Level 1:colcon.colcon_core.package_identification:_identify(src/my_robot_bringup) by extension 'ignore_ament_install'
[0.272s] Level 1:colcon.colcon_core.package_identification:_identify(src/my_robot_bringup) by extensions ['colcon_pkg']
[0.272s] Level 1:colcon.colcon_core.package_identification:_identify(src/my_robot_bringup) by extension 'colcon_pkg'
[0.272s] Level 1:colcon.colcon_core.package_identification:_identify(src/my_robot_bringup) by extensions ['colcon_meta']
[0.272s] Level 1:colcon.colcon_core.package_identification:_identify(src/my_robot_bringup) by extension 'colcon_meta'
[0.272s] Level 1:colcon.colcon_core.package_identification:_identify(src/my_robot_bringup) by extensions ['ros']
[0.272s] Level 1:colcon.colcon_core.package_identification:_identify(src/my_robot_bringup) by extension 'ros'
[0.272s] DEBUG:colcon.colcon_core.package_identification:Package 'src/my_robot_bringup' with type 'ros.ament_cmake' and name 'my_robot_bringup'
[0.272s] Level 1:colcon.colcon_core.package_identification:_identify(src/my_robot_interfaces) by extensions ['ignore', 'ignore_ament_install']
[0.273s] Level 1:colcon.colcon_core.package_identification:_identify(src/my_robot_interfaces) by extension 'ignore'
[0.273s] Level 1:colcon.colcon_core.package_identification:_identify(src/my_robot_interfaces) by extension 'ignore_ament_install'
[0.273s] Level 1:colcon.colcon_core.package_identification:_identify(src/my_robot_interfaces) by extensions ['colcon_pkg']
[0.273s] Level 1:colcon.colcon_core.package_identification:_identify(src/my_robot_interfaces) by extension 'colcon_pkg'
[0.273s] Level 1:colcon.colcon_core.package_identification:_identify(src/my_robot_interfaces) by extensions ['colcon_meta']
[0.273s] Level 1:colcon.colcon_core.package_identification:_identify(src/my_robot_interfaces) by extension 'colcon_meta'
[0.273s] Level 1:colcon.colcon_core.package_identification:_identify(src/my_robot_interfaces) by extensions ['ros']
[0.273s] Level 1:colcon.colcon_core.package_identification:_identify(src/my_robot_interfaces) by extension 'ros'
[0.273s] DEBUG:colcon.colcon_core.package_identification:Package 'src/my_robot_interfaces' with type 'ros.ament_cmake' and name 'my_robot_interfaces'
[0.273s] Level 1:colcon.colcon_core.package_discovery:discover_packages(recursive) using defaults
[0.273s] Level 1:colcon.colcon_core.package_discovery:discover_packages(ignore) discover
[0.273s] Level 1:colcon.colcon_core.package_discovery:discover_packages(ignore) using defaults
[0.273s] Level 1:colcon.colcon_core.package_discovery:discover_packages(path) discover
[0.273s] Level 1:colcon.colcon_core.package_discovery:discover_packages(path) using defaults
[0.301s] Level 1:colcon.colcon_core.package_discovery:discover_packages(prefix_path) check parameters
[0.301s] Level 1:colcon.colcon_core.package_discovery:discover_packages(prefix_path) discover
[0.302s] DEBUG:colcon.colcon_installed_package_information.package_discovery:Found 3 installed packages in /home/adi/RosProjects/install
[0.303s] DEBUG:colcon.colcon_installed_package_information.package_discovery:Found 4 installed packages in /home/adi/install
[0.304s] DEBUG:colcon.colcon_installed_package_information.package_discovery:Found 271 installed packages in /opt/ros/humble
[0.305s] Level 1:colcon.colcon_core.package_discovery:discover_packages(prefix_path) using defaults
[0.337s] Level 5:colcon.colcon_core.verb:set package 'my_robot_interfaces' build argument 'cmake_args' from command line to 'None'
[0.337s] Level 5:colcon.colcon_core.verb:set package 'my_robot_interfaces' build argument 'cmake_target' from command line to 'None'
[0.337s] Level 5:colcon.colcon_core.verb:set package 'my_robot_interfaces' build argument 'cmake_target_skip_unavailable' from command line to 'False'
[0.337s] Level 5:colcon.colcon_core.verb:set package 'my_robot_interfaces' build argument 'cmake_clean_cache' from command line to 'False'
[0.337s] Level 5:colcon.colcon_core.verb:set package 'my_robot_interfaces' build argument 'cmake_clean_first' from command line to 'False'
[0.337s] Level 5:colcon.colcon_core.verb:set package 'my_robot_interfaces' build argument 'cmake_force_configure' from command line to 'False'
[0.337s] Level 5:colcon.colcon_core.verb:set package 'my_robot_interfaces' build argument 'ament_cmake_args' from command line to 'None'
[0.337s] Level 5:colcon.colcon_core.verb:set package 'my_robot_interfaces' build argument 'catkin_cmake_args' from command line to 'None'
[0.337s] Level 5:colcon.colcon_core.verb:set package 'my_robot_interfaces' build argument 'catkin_skip_building_tests' from command line to 'False'
[0.337s] DEBUG:colcon.colcon_core.verb:Building package 'my_robot_interfaces' with the following arguments: {'ament_cmake_args': None, 'build_base': '/home/adi/RosProjects/build/my_robot_interfaces', 'catkin_cmake_args': None, 'catkin_skip_building_tests': False, 'cmake_args': None, 'cmake_clean_cache': False, 'cmake_clean_first': False, 'cmake_force_configure': False, 'cmake_target': None, 'cmake_target_skip_unavailable': False, 'install_base': '/home/adi/RosProjects/install/my_robot_interfaces', 'merge_install': False, 'path': '/home/adi/RosProjects/src/my_robot_interfaces', 'symlink_install': False, 'test_result_base': None}
[0.338s] Level 5:colcon.colcon_core.verb:set package 'my_py_pkg' build argument 'cmake_args' from command line to 'None'
[0.338s] Level 5:colcon.colcon_core.verb:set package 'my_py_pkg' build argument 'cmake_target' from command line to 'None'
[0.338s] Level 5:colcon.colcon_core.verb:set package 'my_py_pkg' build argument 'cmake_target_skip_unavailable' from command line to 'False'
[0.338s] Level 5:colcon.colcon_core.verb:set package 'my_py_pkg' build argument 'cmake_clean_cache' from command line to 'False'
[0.338s] Level 5:colcon.colcon_core.verb:set package 'my_py_pkg' build argument 'cmake_clean_first' from command line to 'False'
[0.338s] Level 5:colcon.colcon_core.verb:set package 'my_py_pkg' build argument 'cmake_force_configure' from command line to 'False'
[0.338s] Level 5:colcon.colcon_core.verb:set package 'my_py_pkg' build argument 'ament_cmake_args' from command line to 'None'
[0.338s] Level 5:colcon.colcon_core.verb:set package 'my_py_pkg' build argument 'catkin_cmake_args' from command line to 'None'
[0.338s] Level 5:colcon.colcon_core.verb:set package 'my_py_pkg' build argument 'catkin_skip_building_tests' from command line to 'False'
[0.338s] DEBUG:colcon.colcon_core.verb:Building package 'my_py_pkg' with the following arguments: {'ament_cmake_args': None, 'build_base': '/home/adi/RosProjects/build/my_py_pkg', 'catkin_cmake_args': None, 'catkin_skip_building_tests': False, 'cmake_args': None, 'cmake_clean_cache': False, 'cmake_clean_first': False, 'cmake_force_configure': False, 'cmake_target': None, 'cmake_target_skip_unavailable': False, 'install_base': '/home/adi/RosProjects/install/my_py_pkg', 'merge_install': False, 'path': '/home/adi/RosProjects/src/my_py_pkg', 'symlink_install': False, 'test_result_base': None}
[0.339s] Level 5:colcon.colcon_core.verb:set package 'my_robot_bringup' build argument 'cmake_args' from command line to 'None'
[0.339s] Level 5:colcon.colcon_core.verb:set package 'my_robot_bringup' build argument 'cmake_target' from command line to 'None'
[0.339s] Level 5:colcon.colcon_core.verb:set package 'my_robot_bringup' build argument 'cmake_target_skip_unavailable' from command line to 'False'
[0.339s] Level 5:colcon.colcon_core.verb:set package 'my_robot_bringup' build argument 'cmake_clean_cache' from command line to 'False'
[0.339s] Level 5:colcon.colcon_core.verb:set package 'my_robot_bringup' build argument 'cmake_clean_first' from command line to 'False'
[0.339s] Level 5:colcon.colcon_core.verb:set package 'my_robot_bringup' build argument 'cmake_force_configure' from command line to 'False'
[0.339s] Level 5:colcon.colcon_core.verb:set package 'my_robot_bringup' build argument 'ament_cmake_args' from command line to 'None'
[0.339s] Level 5:colcon.colcon_core.verb:set package 'my_robot_bringup' build argument 'catkin_cmake_args' from command line to 'None'
[0.339s] Level 5:colcon.colcon_core.verb:set package 'my_robot_bringup' build argument 'catkin_skip_building_tests' from command line to 'False'
[0.339s] DEBUG:colcon.colcon_core.verb:Building package 'my_robot_bringup' with the following arguments: {'ament_cmake_args': None, 'build_base': '/home/adi/RosProjects/build/my_robot_bringup', 'catkin_cmake_args': None, 'catkin_skip_building_tests': False, 'cmake_args': None, 'cmake_clean_cache': False, 'cmake_clean_first': False, 'cmake_force_configure': False, 'cmake_target': None, 'cmake_target_skip_unavailable': False, 'install_base': '/home/adi/RosProjects/install/my_robot_bringup', 'merge_install': False, 'path': '/home/adi/RosProjects/src/my_robot_bringup', 'symlink_install': False, 'test_result_base': None}
[0.339s] INFO:colcon.colcon_core.executor:Executing jobs using 'parallel' executor
[0.340s] DEBUG:colcon.colcon_parallel_executor.executor.parallel:run_until_complete
[0.340s] INFO:colcon.colcon_ros.task.ament_cmake.build:Building ROS package in '/home/adi/RosProjects/src/my_robot_interfaces' with build type 'ament_cmake'
[0.341s] INFO:colcon.colcon_cmake.task.cmake.build:Building CMake package in '/home/adi/RosProjects/src/my_robot_interfaces'
[0.343s] INFO:colcon.colcon_core.plugin_system:Skipping extension 'colcon_core.shell.bat': Not used on non-Windows systems
[0.343s] INFO:colcon.colcon_core.shell:Skip shell extension 'powershell' for command environment: Not usable outside of PowerShell
[0.343s] DEBUG:colcon.colcon_core.shell:Skip shell extension 'dsv' for command environment
[0.351s] DEBUG:colcon.colcon_core.event_handler.log_command:Invoking command in '/home/adi/RosProjects/build/my_robot_interfaces': CMAKE_PREFIX_PATH=${CMAKE_PREFIX_PATH}:/home/adi/RosProjects/install/my_py_pkg:/home/adi/install/my_py_pkg:/opt/ros/humble /usr/bin/cmake --build /home/adi/RosProjects/build/my_robot_interfaces -- -j4 -l4
[9.053s] DEBUG:colcon.colcon_core.event_handler.log_command:Invoked command in '/home/adi/RosProjects/build/my_robot_interfaces' returned '0': CMAKE_PREFIX_PATH=${CMAKE_PREFIX_PATH}:/home/adi/RosProjects/install/my_py_pkg:/home/adi/install/my_py_pkg:/opt/ros/humble /usr/bin/cmake --build /home/adi/RosProjects/build/my_robot_interfaces -- -j4 -l4
[9.063s] DEBUG:colcon.colcon_core.event_handler.log_command:Invoking command in '/home/adi/RosProjects/build/my_robot_interfaces': CMAKE_PREFIX_PATH=${CMAKE_PREFIX_PATH}:/home/adi/RosProjects/install/my_py_pkg:/home/adi/install/my_py_pkg:/opt/ros/humble /usr/bin/cmake --install /home/adi/RosProjects/build/my_robot_interfaces
[9.158s] Level 1:colcon.colcon_core.environment:create_environment_scripts_only(my_robot_interfaces)
[9.159s] DEBUG:colcon.colcon_core.event_handler.log_command:Invoked command in '/home/adi/RosProjects/build/my_robot_interfaces' returned '0': CMAKE_PREFIX_PATH=${CMAKE_PREFIX_PATH}:/home/adi/RosProjects/install/my_py_pkg:/home/adi/install/my_py_pkg:/opt/ros/humble /usr/bin/cmake --install /home/adi/RosProjects/build/my_robot_interfaces
[9.161s] Level 1:colcon.colcon_core.environment:checking '/home/adi/RosProjects/install/my_robot_interfaces' for CMake module files
[9.162s] Level 1:colcon.colcon_core.environment:checking '/home/adi/RosProjects/install/my_robot_interfaces' for CMake config files
[9.162s] Level 1:colcon.colcon_core.shell:create_environment_hook('my_robot_interfaces', 'cmake_prefix_path')
[9.162s] INFO:colcon.colcon_core.shell:Creating environment hook '/home/adi/RosProjects/install/my_robot_interfaces/share/my_robot_interfaces/hook/cmake_prefix_path.ps1'
[9.163s] INFO:colcon.colcon_core.shell:Creating environment descriptor '/home/adi/RosProjects/install/my_robot_interfaces/share/my_robot_interfaces/hook/cmake_prefix_path.dsv'
[9.163s] INFO:colcon.colcon_core.shell:Creating environment hook '/home/adi/RosProjects/install/my_robot_interfaces/share/my_robot_interfaces/hook/cmake_prefix_path.sh'
[9.164s] Level 1:colcon.colcon_core.environment:checking '/home/adi/RosProjects/install/my_robot_interfaces/lib'
[9.164s] Level 1:colcon.colcon_core.shell:create_environment_hook('my_robot_interfaces', 'ld_library_path_lib')
[9.164s] INFO:colcon.colcon_core.shell:Creating environment hook '/home/adi/RosProjects/install/my_robot_interfaces/share/my_robot_interfaces/hook/ld_library_path_lib.ps1'
[9.165s] INFO:colcon.colcon_core.shell:Creating environment descriptor '/home/adi/RosProjects/install/my_robot_interfaces/share/my_robot_interfaces/hook/ld_library_path_lib.dsv'
[9.166s] INFO:colcon.colcon_core.shell:Creating environment hook '/home/adi/RosProjects/install/my_robot_interfaces/share/my_robot_interfaces/hook/ld_library_path_lib.sh'
[9.166s] Level 1:colcon.colcon_core.environment:checking '/home/adi/RosProjects/install/my_robot_interfaces/bin'
[9.166s] Level 1:colcon.colcon_core.environment:checking '/home/adi/RosProjects/install/my_robot_interfaces/lib/pkgconfig/my_robot_interfaces.pc'
[9.166s] Level 1:colcon.colcon_core.environment:checking '/home/adi/RosProjects/install/my_robot_interfaces/lib/python3.10/site-packages'
[9.166s] Level 1:colcon.colcon_core.environment:checking '/home/adi/RosProjects/install/my_robot_interfaces/bin'
[9.167s] INFO:colcon.colcon_core.shell:Creating package script '/home/adi/RosProjects/install/my_robot_interfaces/share/my_robot_interfaces/package.ps1'
[9.167s] INFO:colcon.colcon_core.shell:Creating package descriptor '/home/adi/RosProjects/install/my_robot_interfaces/share/my_robot_interfaces/package.dsv'
[9.168s] INFO:colcon.colcon_core.shell:Creating package script '/home/adi/RosProjects/install/my_robot_interfaces/share/my_robot_interfaces/package.sh'
[9.169s] INFO:colcon.colcon_core.shell:Creating package script '/home/adi/RosProjects/install/my_robot_interfaces/share/my_robot_interfaces/package.bash'
[9.169s] INFO:colcon.colcon_core.shell:Creating package script '/home/adi/RosProjects/install/my_robot_interfaces/share/my_robot_interfaces/package.zsh'
[9.170s] Level 1:colcon.colcon_core.environment:create_file_with_runtime_dependencies(/home/adi/RosProjects/install/my_robot_interfaces/share/colcon-core/packages/my_robot_interfaces)
[9.171s] Level 1:colcon.colcon_core.environment:create_environment_scripts_only(my_robot_interfaces)
[9.171s] Level 1:colcon.colcon_core.environment:checking '/home/adi/RosProjects/install/my_robot_interfaces' for CMake module files
[9.171s] Level 1:colcon.colcon_core.environment:checking '/home/adi/RosProjects/install/my_robot_interfaces' for CMake config files
[9.172s] Level 1:colcon.colcon_core.shell:create_environment_hook('my_robot_interfaces', 'cmake_prefix_path')
[9.172s] INFO:colcon.colcon_core.shell:Creating environment hook '/home/adi/RosProjects/install/my_robot_interfaces/share/my_robot_interfaces/hook/cmake_prefix_path.ps1'
[9.172s] INFO:colcon.colcon_core.shell:Creating environment descriptor '/home/adi/RosProjects/install/my_robot_interfaces/share/my_robot_interfaces/hook/cmake_prefix_path.dsv'
[9.172s] INFO:colcon.colcon_core.shell:Creating environment hook '/home/adi/RosProjects/install/my_robot_interfaces/share/my_robot_interfaces/hook/cmake_prefix_path.sh'
[9.173s] Level 1:colcon.colcon_core.environment:checking '/home/adi/RosProjects/install/my_robot_interfaces/lib'
[9.173s] Level 1:colcon.colcon_core.shell:create_environment_hook('my_robot_interfaces', 'ld_library_path_lib')
[9.173s] INFO:colcon.colcon_core.shell:Creating environment hook '/home/adi/RosProjects/install/my_robot_interfaces/share/my_robot_interfaces/hook/ld_library_path_lib.ps1'
[9.174s] INFO:colcon.colcon_core.shell:Creating environment descriptor '/home/adi/RosProjects/install/my_robot_interfaces/share/my_robot_interfaces/hook/ld_library_path_lib.dsv'
[9.174s] INFO:colcon.colcon_core.shell:Creating environment hook '/home/adi/RosProjects/install/my_robot_interfaces/share/my_robot_interfaces/hook/ld_library_path_lib.sh'
[9.175s] Level 1:colcon.colcon_core.environment:checking '/home/adi/RosProjects/install/my_robot_interfaces/bin'
[9.175s] Level 1:colcon.colcon_core.environment:checking '/home/adi/RosProjects/install/my_robot_interfaces/lib/pkgconfig/my_robot_interfaces.pc'
[9.175s] Level 1:colcon.colcon_core.environment:checking '/home/adi/RosProjects/install/my_robot_interfaces/lib/python3.10/site-packages'
[9.175s] Level 1:colcon.colcon_core.environment:checking '/home/adi/RosProjects/install/my_robot_interfaces/bin'
[9.176s] INFO:colcon.colcon_core.shell:Creating package script '/home/adi/RosProjects/install/my_robot_interfaces/share/my_robot_interfaces/package.ps1'
[9.176s] INFO:colcon.colcon_core.shell:Creating package descriptor '/home/adi/RosProjects/install/my_robot_interfaces/share/my_robot_interfaces/package.dsv'
[9.177s] INFO:colcon.colcon_core.shell:Creating package script '/home/adi/RosProjects/install/my_robot_interfaces/share/my_robot_interfaces/package.sh'
[9.178s] INFO:colcon.colcon_core.shell:Creating package script '/home/adi/RosProjects/install/my_robot_interfaces/share/my_robot_interfaces/package.bash'
[9.178s] INFO:colcon.colcon_core.shell:Creating package script '/home/adi/RosProjects/install/my_robot_interfaces/share/my_robot_interfaces/package.zsh'
[9.178s] Level 1:colcon.colcon_core.environment:create_file_with_runtime_dependencies(/home/adi/RosProjects/install/my_robot_interfaces/share/colcon-core/packages/my_robot_interfaces)
[9.179s] INFO:colcon.colcon_ros.task.ament_python.build:Building ROS package in '/home/adi/RosProjects/src/my_py_pkg' with build type 'ament_python'
[9.179s] Level 1:colcon.colcon_core.shell:create_environment_hook('my_py_pkg', 'ament_prefix_path')
[9.179s] INFO:colcon.colcon_core.shell:Creating environment hook '/home/adi/RosProjects/install/my_py_pkg/share/my_py_pkg/hook/ament_prefix_path.ps1'
[9.180s] INFO:colcon.colcon_core.shell:Creating environment descriptor '/home/adi/RosProjects/install/my_py_pkg/share/my_py_pkg/hook/ament_prefix_path.dsv'
[9.181s] INFO:colcon.colcon_core.shell:Creating environment hook '/home/adi/RosProjects/install/my_py_pkg/share/my_py_pkg/hook/ament_prefix_path.sh'
[9.181s] INFO:colcon.colcon_core.shell:Skip shell extension 'powershell' for command environment: Not usable outside of PowerShell
[9.181s] DEBUG:colcon.colcon_core.shell:Skip shell extension 'dsv' for command environment
[9.426s] INFO:colcon.colcon_core.task.python.build:Building Python package in '/home/adi/RosProjects/src/my_py_pkg'
[9.426s] INFO:colcon.colcon_core.shell:Skip shell extension 'powershell' for command environment: Not usable outside of PowerShell
[9.426s] DEBUG:colcon.colcon_core.shell:Skip shell extension 'dsv' for command environment
[9.738s] DEBUG:colcon.colcon_core.event_handler.log_command:Invoking command in '/home/adi/RosProjects/src/my_py_pkg': CMAKE_PREFIX_PATH=/home/adi/RosProjects/install/my_robot_interfaces:/home/adi/RosProjects/install/my_robot_bringup:/home/adi/install/my_robot_bringup:/home/adi/install/my_robot_interfaces:/home/adi/install/my_cpp_pkg PYTHONPATH=/home/adi/RosProjects/build/my_py_pkg/prefix_override:/usr/lib/python3/dist-packages/colcon_core/task/python/colcon_distutils_commands:/home/adi/RosProjects/install/my_py_pkg/lib/python3.10/site-packages:${PYTHONPATH} /usr/bin/python3 -W ignore:setup.py install is deprecated -W ignore:easy_install command is deprecated setup.py egg_info --egg-base ../../build/my_py_pkg build --build-base /home/adi/RosProjects/build/my_py_pkg/build install --record /home/adi/RosProjects/build/my_py_pkg/install.log --single-version-externally-managed install_data
[10.005s] Level 1:colcon.colcon_core.environment:checking '/home/adi/RosProjects/install/my_py_pkg' for CMake module files
[10.006s] Level 1:colcon.colcon_core.environment:checking '/home/adi/RosProjects/install/my_py_pkg' for CMake config files
[10.007s] DEBUG:colcon.colcon_core.event_handler.log_command:Invoked command in '/home/adi/RosProjects/src/my_py_pkg' returned '0': CMAKE_PREFIX_PATH=/home/adi/RosProjects/install/my_robot_interfaces:/home/adi/RosProjects/install/my_robot_bringup:/home/adi/install/my_robot_bringup:/home/adi/install/my_robot_interfaces:/home/adi/install/my_cpp_pkg PYTHONPATH=/home/adi/RosProjects/build/my_py_pkg/prefix_override:/usr/lib/python3/dist-packages/colcon_core/task/python/colcon_distutils_commands:/home/adi/RosProjects/install/my_py_pkg/lib/python3.10/site-packages:${PYTHONPATH} /usr/bin/python3 -W ignore:setup.py install is deprecated -W ignore:easy_install command is deprecated setup.py egg_info --egg-base ../../build/my_py_pkg build --build-base /home/adi/RosProjects/build/my_py_pkg/build install --record /home/adi/RosProjects/build/my_py_pkg/install.log --single-version-externally-managed install_data
[10.007s] Level 1:colcon.colcon_core.environment:checking '/home/adi/RosProjects/install/my_py_pkg/lib'
[10.008s] Level 1:colcon.colcon_core.environment:checking '/home/adi/RosProjects/install/my_py_pkg/bin'
[10.008s] Level 1:colcon.colcon_core.environment:checking '/home/adi/RosProjects/install/my_py_pkg/lib/pkgconfig/my_py_pkg.pc'
[10.008s] Level 1:colcon.colcon_core.environment:checking '/home/adi/RosProjects/install/my_py_pkg/lib/python3.10/site-packages'
[10.008s] Level 1:colcon.colcon_core.shell:create_environment_hook('my_py_pkg', 'pythonpath')
[10.008s] INFO:colcon.colcon_core.shell:Creating environment hook '/home/adi/RosProjects/install/my_py_pkg/share/my_py_pkg/hook/pythonpath.ps1'
[10.009s] INFO:colcon.colcon_core.shell:Creating environment descriptor '/home/adi/RosProjects/install/my_py_pkg/share/my_py_pkg/hook/pythonpath.dsv'
[10.009s] INFO:colcon.colcon_core.shell:Creating environment hook '/home/adi/RosProjects/install/my_py_pkg/share/my_py_pkg/hook/pythonpath.sh'
[10.010s] Level 1:colcon.colcon_core.environment:checking '/home/adi/RosProjects/install/my_py_pkg/bin'
[10.010s] Level 1:colcon.colcon_core.environment:create_environment_scripts_only(my_py_pkg)
[10.011s] INFO:colcon.colcon_core.shell:Creating package script '/home/adi/RosProjects/install/my_py_pkg/share/my_py_pkg/package.ps1'
[10.011s] INFO:colcon.colcon_core.shell:Creating package descriptor '/home/adi/RosProjects/install/my_py_pkg/share/my_py_pkg/package.dsv'
[10.014s] INFO:colcon.colcon_core.shell:Creating package script '/home/adi/RosProjects/install/my_py_pkg/share/my_py_pkg/package.sh'
[10.015s] INFO:colcon.colcon_core.shell:Creating package script '/home/adi/RosProjects/install/my_py_pkg/share/my_py_pkg/package.bash'
[10.015s] INFO:colcon.colcon_core.shell:Creating package script '/home/adi/RosProjects/install/my_py_pkg/share/my_py_pkg/package.zsh'
[10.016s] Level 1:colcon.colcon_core.environment:create_file_with_runtime_dependencies(/home/adi/RosProjects/install/my_py_pkg/share/colcon-core/packages/my_py_pkg)
[10.016s] INFO:colcon.colcon_ros.task.ament_cmake.build:Building ROS package in '/home/adi/RosProjects/src/my_robot_bringup' with build type 'ament_cmake'
[10.016s] INFO:colcon.colcon_cmake.task.cmake.build:Building CMake package in '/home/adi/RosProjects/src/my_robot_bringup'
[10.017s] INFO:colcon.colcon_core.shell:Skip shell extension 'powershell' for command environment: Not usable outside of PowerShell
[10.017s] DEBUG:colcon.colcon_core.shell:Skip shell extension 'dsv' for command environment
[10.029s] DEBUG:colcon.colcon_core.event_handler.log_command:Invoking command in '/home/adi/RosProjects/build/my_robot_bringup': AMENT_PREFIX_PATH=/home/adi/RosProjects/install/my_py_pkg:/home/adi/RosProjects/install/my_robot_bringup:/home/adi/RosProjects/install/my_robot_interfaces:/home/adi/install/my_robot_bringup:/home/adi/install/my_py_pkg:/home/adi/install/my_robot_interfaces:/home/adi/install/my_cpp_pkg:/opt/ros/humble CMAKE_PREFIX_PATH=/home/adi/RosProjects/install/my_robot_interfaces:/home/adi/RosProjects/install/my_robot_bringup:/home/adi/install/my_robot_bringup:/home/adi/install/my_robot_interfaces:/home/adi/install/my_cpp_pkg:/home/adi/RosProjects/install/my_py_pkg:/home/adi/install/my_py_pkg:/opt/ros/humble /usr/bin/cmake --build /home/adi/RosProjects/build/my_robot_bringup -- -j4 -l4
[10.067s] DEBUG:colcon.colcon_core.event_handler.log_command:Invoked command in '/home/adi/RosProjects/build/my_robot_bringup' returned '0': AMENT_PREFIX_PATH=/home/adi/RosProjects/install/my_py_pkg:/home/adi/RosProjects/install/my_robot_bringup:/home/adi/RosProjects/install/my_robot_interfaces:/home/adi/install/my_robot_bringup:/home/adi/install/my_py_pkg:/home/adi/install/my_robot_interfaces:/home/adi/install/my_cpp_pkg:/opt/ros/humble CMAKE_PREFIX_PATH=/home/adi/RosProjects/install/my_robot_interfaces:/home/adi/RosProjects/install/my_robot_bringup:/home/adi/install/my_robot_bringup:/home/adi/install/my_robot_interfaces:/home/adi/install/my_cpp_pkg:/home/adi/RosProjects/install/my_py_pkg:/home/adi/install/my_py_pkg:/opt/ros/humble /usr/bin/cmake --build /home/adi/RosProjects/build/my_robot_bringup -- -j4 -l4
[10.068s] DEBUG:colcon.colcon_core.event_handler.log_command:Invoking command in '/home/adi/RosProjects/build/my_robot_bringup': AMENT_PREFIX_PATH=/home/adi/RosProjects/install/my_py_pkg:/home/adi/RosProjects/install/my_robot_bringup:/home/adi/RosProjects/install/my_robot_interfaces:/home/adi/install/my_robot_bringup:/home/adi/install/my_py_pkg:/home/adi/install/my_robot_interfaces:/home/adi/install/my_cpp_pkg:/opt/ros/humble CMAKE_PREFIX_PATH=/home/adi/RosProjects/install/my_robot_interfaces:/home/adi/RosProjects/install/my_robot_bringup:/home/adi/install/my_robot_bringup:/home/adi/install/my_robot_interfaces:/home/adi/install/my_cpp_pkg:/home/adi/RosProjects/install/my_py_pkg:/home/adi/install/my_py_pkg:/opt/ros/humble /usr/bin/cmake --install /home/adi/RosProjects/build/my_robot_bringup
[10.077s] Level 1:colcon.colcon_core.environment:create_environment_scripts_only(my_robot_bringup)
[10.077s] Level 1:colcon.colcon_core.environment:checking '/home/adi/RosProjects/install/my_robot_bringup' for CMake module files
[10.077s] Level 1:colcon.colcon_core.environment:checking '/home/adi/RosProjects/install/my_robot_bringup' for CMake config files
[10.077s] Level 1:colcon.colcon_core.shell:create_environment_hook('my_robot_bringup', 'cmake_prefix_path')
[10.078s] INFO:colcon.colcon_core.shell:Creating environment hook '/home/adi/RosProjects/install/my_robot_bringup/share/my_robot_bringup/hook/cmake_prefix_path.ps1'
[10.078s] INFO:colcon.colcon_core.shell:Creating environment descriptor '/home/adi/RosProjects/install/my_robot_bringup/share/my_robot_bringup/hook/cmake_prefix_path.dsv'
[10.078s] INFO:colcon.colcon_core.shell:Creating environment hook '/home/adi/RosProjects/install/my_robot_bringup/share/my_robot_bringup/hook/cmake_prefix_path.sh'
[10.079s] DEBUG:colcon.colcon_core.event_handler.log_command:Invoked command in '/home/adi/RosProjects/build/my_robot_bringup' returned '0': AMENT_PREFIX_PATH=/home/adi/RosProjects/install/my_py_pkg:/home/adi/RosProjects/install/my_robot_bringup:/home/adi/RosProjects/install/my_robot_interfaces:/home/adi/install/my_robot_bringup:/home/adi/install/my_py_pkg:/home/adi/install/my_robot_interfaces:/home/adi/install/my_cpp_pkg:/opt/ros/humble CMAKE_PREFIX_PATH=/home/adi/RosProjects/install/my_robot_interfaces:/home/adi/RosProjects/install/my_robot_bringup:/home/adi/install/my_robot_bringup:/home/adi/install/my_robot_interfaces:/home/adi/install/my_cpp_pkg:/home/adi/RosProjects/install/my_py_pkg:/home/adi/install/my_py_pkg:/opt/ros/humble /usr/bin/cmake --install /home/adi/RosProjects/build/my_robot_bringup
[10.080s] Level 1:colcon.colcon_core.environment:checking '/home/adi/RosProjects/install/my_robot_bringup/bin'
[10.080s] Level 1:colcon.colcon_core.environment:checking '/home/adi/RosProjects/install/my_robot_bringup/lib/pkgconfig/my_robot_bringup.pc'
[10.080s] Level 1:colcon.colcon_core.environment:checking '/home/adi/RosProjects/install/my_robot_bringup/lib/python3.10/site-packages'
[10.080s] Level 1:colcon.colcon_core.environment:checking '/home/adi/RosProjects/install/my_robot_bringup/bin'
[10.080s] INFO:colcon.colcon_core.shell:Creating package script '/home/adi/RosProjects/install/my_robot_bringup/share/my_robot_bringup/package.ps1'
[10.081s] INFO:colcon.colcon_core.shell:Creating package descriptor '/home/adi/RosProjects/install/my_robot_bringup/share/my_robot_bringup/package.dsv'
[10.081s] INFO:colcon.colcon_core.shell:Creating package script '/home/adi/RosProjects/install/my_robot_bringup/share/my_robot_bringup/package.sh'
[10.082s] INFO:colcon.colcon_core.shell:Creating package script '/home/adi/RosProjects/install/my_robot_bringup/share/my_robot_bringup/package.bash'
[10.082s] INFO:colcon.colcon_core.shell:Creating package script '/home/adi/RosProjects/install/my_robot_bringup/share/my_robot_bringup/package.zsh'
[10.082s] Level 1:colcon.colcon_core.environment:create_file_with_runtime_dependencies(/home/adi/RosProjects/install/my_robot_bringup/share/colcon-core/packages/my_robot_bringup)
[10.084s] Level 1:colcon.colcon_core.environment:create_environment_scripts_only(my_robot_bringup)
[10.084s] Level 1:colcon.colcon_core.environment:checking '/home/adi/RosProjects/install/my_robot_bringup' for CMake module files
[10.084s] Level 1:colcon.colcon_core.environment:checking '/home/adi/RosProjects/install/my_robot_bringup' for CMake config files
[10.084s] Level 1:colcon.colcon_core.shell:create_environment_hook('my_robot_bringup', 'cmake_prefix_path')
[10.085s] INFO:colcon.colcon_core.shell:Creating environment hook '/home/adi/RosProjects/install/my_robot_bringup/share/my_robot_bringup/hook/cmake_prefix_path.ps1'
[10.085s] INFO:colcon.colcon_core.shell:Creating environment descriptor '/home/adi/RosProjects/install/my_robot_bringup/share/my_robot_bringup/hook/cmake_prefix_path.dsv'
[10.085s] INFO:colcon.colcon_core.shell:Creating environment hook '/home/adi/RosProjects/install/my_robot_bringup/share/my_robot_bringup/hook/cmake_prefix_path.sh'
[10.086s] Level 1:colcon.colcon_core.environment:checking '/home/adi/RosProjects/install/my_robot_bringup/bin'
[10.086s] Level 1:colcon.colcon_core.environment:checking '/home/adi/RosProjects/install/my_robot_bringup/lib/pkgconfig/my_robot_bringup.pc'
[10.086s] Level 1:colcon.colcon_core.environment:checking '/home/adi/RosProjects/install/my_robot_bringup/lib/python3.10/site-packages'
[10.086s] Level 1:colcon.colcon_core.environment:checking '/home/adi/RosProjects/install/my_robot_bringup/bin'
[10.087s] INFO:colcon.colcon_core.shell:Creating package script '/home/adi/RosProjects/install/my_robot_bringup/share/my_robot_bringup/package.ps1'
[10.087s] INFO:colcon.colcon_core.shell:Creating package descriptor '/home/adi/RosProjects/install/my_robot_bringup/share/my_robot_bringup/package.dsv'
[10.087s] INFO:colcon.colcon_core.shell:Creating package script '/home/adi/RosProjects/install/my_robot_bringup/share/my_robot_bringup/package.sh'
[10.088s] INFO:colcon.colcon_core.shell:Creating package script '/home/adi/RosProjects/install/my_robot_bringup/share/my_robot_bringup/package.bash'
[10.088s] INFO:colcon.colcon_core.shell:Creating package script '/home/adi/RosProjects/install/my_robot_bringup/share/my_robot_bringup/package.zsh'
[10.089s] Level 1:colcon.colcon_core.environment:create_file_with_runtime_dependencies(/home/adi/RosProjects/install/my_robot_bringup/share/colcon-core/packages/my_robot_bringup)
[10.089s] DEBUG:colcon.colcon_parallel_executor.executor.parallel:closing loop
[10.090s] DEBUG:colcon.colcon_parallel_executor.executor.parallel:loop closed
[10.090s] DEBUG:colcon.colcon_parallel_executor.executor.parallel:run_until_complete finished with '0'
[10.090s] DEBUG:colcon.colcon_core.event_reactor:joining thread
[10.094s] INFO:colcon.colcon_core.plugin_system:Skipping extension 'colcon_notification.desktop_notification.terminal_notifier': Not used on non-Darwin systems
[10.094s] INFO:colcon.colcon_core.plugin_system:Skipping extension 'colcon_notification.desktop_notification.win32': Not used on non-Windows systems
[10.094s] INFO:colcon.colcon_notification.desktop_notification:Sending desktop notification using 'notify2'
[10.111s] DEBUG:colcon.colcon_core.event_reactor:joined thread
[10.112s] INFO:colcon.colcon_core.shell:Creating prefix script '/home/adi/RosProjects/install/local_setup.ps1'
[10.114s] INFO:colcon.colcon_core.shell:Creating prefix util module '/home/adi/RosProjects/install/_local_setup_util_ps1.py'
[10.117s] INFO:colcon.colcon_core.shell:Creating prefix chain script '/home/adi/RosProjects/install/setup.ps1'
[10.118s] INFO:colcon.colcon_core.shell:Creating prefix script '/home/adi/RosProjects/install/local_setup.sh'
[10.119s] INFO:colcon.colcon_core.shell:Creating prefix util module '/home/adi/RosProjects/install/_local_setup_util_sh.py'
[10.119s] INFO:colcon.colcon_core.shell:Creating prefix chain script '/home/adi/RosProjects/install/setup.sh'
[10.121s] INFO:colcon.colcon_core.shell:Creating prefix script '/home/adi/RosProjects/install/local_setup.bash'
[10.121s] INFO:colcon.colcon_core.shell:Creating prefix chain script '/home/adi/RosProjects/install/setup.bash'
[10.124s] INFO:colcon.colcon_core.shell:Creating prefix script '/home/adi/RosProjects/install/local_setup.zsh'
[10.125s] INFO:colcon.colcon_core.shell:Creating prefix chain script '/home/adi/RosProjects/install/setup.zsh'
