[0.366s] DEBUG:colcon:Command line arguments: ['/usr/bin/colcon', 'list', '-p', '--base-paths', '/home/adi/RosProjects']
[0.366s] DEBUG:colcon:Parsed command line arguments: Namespace(log_base=None, log_level=None, verb_name='list', build_base='build', ignore_user_meta=False, metas=['./colcon.meta'], base_paths=['/home/adi/RosProjects'], packages_ignore=None, packages_ignore_regex=None, paths=None, packages_up_to=None, packages_up_to_regex=None, packages_above=None, packages_above_and_dependencies=None, packages_above_depth=None, packages_select_by_dep=None, packages_skip_by_dep=None, packages_skip_up_to=None, packages_select_build_failed=False, packages_skip_build_finished=False, packages_select_test_failures=False, packages_skip_test_passed=False, packages_select=None, packages_skip=None, packages_select_regex=None, packages_skip_regex=None, packages_start=None, packages_end=None, allow_overriding=[], topological_order=False, names_only=False, paths_only=True, topological_graph=False, topological_graph_dot=False, topological_graph_density=False, topological_graph_legend=False, topological_graph_dot_cluster=False, topological_graph_dot_include_skipped=False, mixin_files=None, mixin=None, verb_parser=<colcon_mixin.mixin.mixin_argument.MixinArgumentDecorator object at 0x7c225864ee90>, verb_extension=<colcon_package_information.verb.list.ListVerb object at 0x7c225864dde0>, main=<bound method ListVerb.main of <colcon_package_information.verb.list.ListVerb object at 0x7c225864dde0>>, mixin_verb=('list',))
[1.083s] Level 1:colcon.colcon_core.package_discovery:discover_packages(colcon_meta) check parameters
[1.085s] Level 1:colcon.colcon_core.package_discovery:discover_packages(recursive) check parameters
[1.085s] Level 1:colcon.colcon_core.package_discovery:discover_packages(ignore) check parameters
[1.085s] Level 1:colcon.colcon_core.package_discovery:discover_packages(path) check parameters
[1.085s] Level 1:colcon.colcon_core.package_discovery:discover_packages(recursive) discover
[1.085s] INFO:colcon.colcon_core.package_discovery:Crawling recursively for packages in '/home/adi/RosProjects'
[1.085s] Level 1:colcon.colcon_core.package_identification:_identify(/home/adi/RosProjects) by extensions ['ignore', 'ignore_ament_install']
[1.085s] Level 1:colcon.colcon_core.package_identification:_identify(/home/adi/RosProjects) by extension 'ignore'
[1.085s] Level 1:colcon.colcon_core.package_identification:_identify(/home/adi/RosProjects) by extension 'ignore_ament_install'
[1.085s] Level 1:colcon.colcon_core.package_identification:_identify(/home/adi/RosProjects) by extensions ['colcon_pkg']
[1.085s] Level 1:colcon.colcon_core.package_identification:_identify(/home/adi/RosProjects) by extension 'colcon_pkg'
[1.086s] Level 1:colcon.colcon_core.package_identification:_identify(/home/adi/RosProjects) by extensions ['colcon_meta']
[1.086s] Level 1:colcon.colcon_core.package_identification:_identify(/home/adi/RosProjects) by extension 'colcon_meta'
[1.086s] Level 1:colcon.colcon_core.package_identification:_identify(/home/adi/RosProjects) by extensions ['ros']
[1.086s] Level 1:colcon.colcon_core.package_identification:_identify(/home/adi/RosProjects) by extension 'ros'
[1.119s] Level 1:colcon.colcon_core.package_identification:_identify(/home/adi/RosProjects) by extensions ['cmake', 'python']
[1.119s] Level 1:colcon.colcon_core.package_identification:_identify(/home/adi/RosProjects) by extension 'cmake'
[1.119s] Level 1:colcon.colcon_core.package_identification:_identify(/home/adi/RosProjects) by extension 'python'
[1.119s] Level 1:colcon.colcon_core.package_identification:_identify(/home/adi/RosProjects) by extensions ['python_setup_py']
[1.119s] Level 1:colcon.colcon_core.package_identification:_identify(/home/adi/RosProjects) by extension 'python_setup_py'
[1.119s] Level 1:colcon.colcon_core.package_identification:_identify(/home/adi/RosProjects/build) by extensions ['ignore', 'ignore_ament_install']
[1.119s] Level 1:colcon.colcon_core.package_identification:_identify(/home/adi/RosProjects/build) by extension 'ignore'
[1.120s] Level 1:colcon.colcon_core.package_identification:_identify(/home/adi/RosProjects/build) ignored
[1.120s] Level 1:colcon.colcon_core.package_identification:_identify(/home/adi/RosProjects/install) by extensions ['ignore', 'ignore_ament_install']
[1.120s] Level 1:colcon.colcon_core.package_identification:_identify(/home/adi/RosProjects/install) by extension 'ignore'
[1.120s] Level 1:colcon.colcon_core.package_identification:_identify(/home/adi/RosProjects/install) ignored
[1.120s] Level 1:colcon.colcon_core.package_identification:_identify(/home/adi/RosProjects/log) by extensions ['ignore', 'ignore_ament_install']
[1.120s] Level 1:colcon.colcon_core.package_identification:_identify(/home/adi/RosProjects/log) by extension 'ignore'
[1.120s] Level 1:colcon.colcon_core.package_identification:_identify(/home/adi/RosProjects/log) ignored
[1.120s] Level 1:colcon.colcon_core.package_identification:_identify(/home/adi/RosProjects/src) by extensions ['ignore', 'ignore_ament_install']
[1.121s] Level 1:colcon.colcon_core.package_identification:_identify(/home/adi/RosProjects/src) by extension 'ignore'
[1.121s] Level 1:colcon.colcon_core.package_identification:_identify(/home/adi/RosProjects/src) by extension 'ignore_ament_install'
[1.121s] Level 1:colcon.colcon_core.package_identification:_identify(/home/adi/RosProjects/src) by extensions ['colcon_pkg']
[1.121s] Level 1:colcon.colcon_core.package_identification:_identify(/home/adi/RosProjects/src) by extension 'colcon_pkg'
[1.121s] Level 1:colcon.colcon_core.package_identification:_identify(/home/adi/RosProjects/src) by extensions ['colcon_meta']
[1.121s] Level 1:colcon.colcon_core.package_identification:_identify(/home/adi/RosProjects/src) by extension 'colcon_meta'
[1.121s] Level 1:colcon.colcon_core.package_identification:_identify(/home/adi/RosProjects/src) by extensions ['ros']
[1.121s] Level 1:colcon.colcon_core.package_identification:_identify(/home/adi/RosProjects/src) by extension 'ros'
[1.121s] Level 1:colcon.colcon_core.package_identification:_identify(/home/adi/RosProjects/src) by extensions ['cmake', 'python']
[1.121s] Level 1:colcon.colcon_core.package_identification:_identify(/home/adi/RosProjects/src) by extension 'cmake'
[1.121s] Level 1:colcon.colcon_core.package_identification:_identify(/home/adi/RosProjects/src) by extension 'python'
[1.121s] Level 1:colcon.colcon_core.package_identification:_identify(/home/adi/RosProjects/src) by extensions ['python_setup_py']
[1.121s] Level 1:colcon.colcon_core.package_identification:_identify(/home/adi/RosProjects/src) by extension 'python_setup_py'
[1.122s] Level 1:colcon.colcon_core.package_identification:_identify(/home/adi/RosProjects/src/my_py_pkg) by extensions ['ignore', 'ignore_ament_install']
[1.122s] Level 1:colcon.colcon_core.package_identification:_identify(/home/adi/RosProjects/src/my_py_pkg) by extension 'ignore'
[1.122s] Level 1:colcon.colcon_core.package_identification:_identify(/home/adi/RosProjects/src/my_py_pkg) by extension 'ignore_ament_install'
[1.122s] Level 1:colcon.colcon_core.package_identification:_identify(/home/adi/RosProjects/src/my_py_pkg) by extensions ['colcon_pkg']
[1.122s] Level 1:colcon.colcon_core.package_identification:_identify(/home/adi/RosProjects/src/my_py_pkg) by extension 'colcon_pkg'
[1.122s] Level 1:colcon.colcon_core.package_identification:_identify(/home/adi/RosProjects/src/my_py_pkg) by extensions ['colcon_meta']
[1.122s] Level 1:colcon.colcon_core.package_identification:_identify(/home/adi/RosProjects/src/my_py_pkg) by extension 'colcon_meta'
[1.122s] Level 1:colcon.colcon_core.package_identification:_identify(/home/adi/RosProjects/src/my_py_pkg) by extensions ['ros']
[1.122s] Level 1:colcon.colcon_core.package_identification:_identify(/home/adi/RosProjects/src/my_py_pkg) by extension 'ros'
[1.129s] DEBUG:colcon.colcon_core.package_identification:Package '/home/adi/RosProjects/src/my_py_pkg' with type 'ros.ament_python' and name 'my_py_pkg'
[1.129s] Level 1:colcon.colcon_core.package_discovery:discover_packages(recursive) using defaults
