[0.525s] Invoking command in '/home/adi/RosProjects/src/my_py_pkg': CMAKE_PREFIX_PATH=/home/adi/RosProjects/install/my_robot_interfaces:/home/adi/RosProjects/install/my_robot_bringup:/home/adi/install/my_robot_bringup:/home/adi/install/my_robot_interfaces:/home/adi/install/my_cpp_pkg PYTHONPATH=/home/adi/RosProjects/build/my_py_pkg/prefix_override:/usr/lib/python3/dist-packages/colcon_core/task/python/colcon_distutils_commands:/home/adi/RosProjects/install/my_py_pkg/lib/python3.10/site-packages:${PYTHONPATH} /usr/bin/python3 -W ignore:setup.py install is deprecated -W ignore:easy_install command is deprecated setup.py egg_info --egg-base ../../build/my_py_pkg build --build-base /home/adi/RosProjects/build/my_py_pkg/build install --record /home/adi/RosProjects/build/my_py_pkg/install.log --single-version-externally-managed install_data
[0.723s] running egg_info
[0.724s] writing ../../build/my_py_pkg/my_py_pkg.egg-info/PKG-INFO
[0.725s] writing dependency_links to ../../build/my_py_pkg/my_py_pkg.egg-info/dependency_links.txt
[0.725s] writing entry points to ../../build/my_py_pkg/my_py_pkg.egg-info/entry_points.txt
[0.726s] writing requirements to ../../build/my_py_pkg/my_py_pkg.egg-info/requires.txt
[0.726s] writing top-level names to ../../build/my_py_pkg/my_py_pkg.egg-info/top_level.txt
[0.727s] reading manifest file '../../build/my_py_pkg/my_py_pkg.egg-info/SOURCES.txt'
[0.729s] writing manifest file '../../build/my_py_pkg/my_py_pkg.egg-info/SOURCES.txt'
[0.729s] running build
[0.729s] running build_py
[0.731s] copying my_py_pkg/PredatorTurtle.py -> /home/adi/RosProjects/build/my_py_pkg/build/lib/my_py_pkg
[0.731s] running install
[0.731s] running install_lib
[0.731s] copying /home/adi/RosProjects/build/my_py_pkg/build/lib/my_py_pkg/PredatorTurtle.py -> /home/adi/RosProjects/install/my_py_pkg/lib/python3.10/site-packages/my_py_pkg
[0.731s] byte-compiling /home/adi/RosProjects/install/my_py_pkg/lib/python3.10/site-packages/my_py_pkg/PredatorTurtle.py to PredatorTurtle.cpython-310.pyc
[0.735s] running install_data
[0.735s] running install_egg_info
[0.735s] removing '/home/adi/RosProjects/install/my_py_pkg/lib/python3.10/site-packages/my_py_pkg-0.0.0-py3.10.egg-info' (and everything under it)
[0.737s] Copying ../../build/my_py_pkg/my_py_pkg.egg-info to /home/adi/RosProjects/install/my_py_pkg/lib/python3.10/site-packages/my_py_pkg-0.0.0-py3.10.egg-info
[0.738s] running install_scripts
[0.754s] Installing PredatorTurtle script to /home/adi/RosProjects/install/my_py_pkg/lib/my_py_pkg
[0.756s] Installing add_two_ints_client script to /home/adi/RosProjects/install/my_py_pkg/lib/my_py_pkg
[0.756s] Installing add_two_ints_client_no_oop script to /home/adi/RosProjects/install/my_py_pkg/lib/my_py_pkg
[0.756s] Installing add_two_ints_server script to /home/adi/RosProjects/install/my_py_pkg/lib/my_py_pkg
[0.757s] Installing battery_charge_status script to /home/adi/RosProjects/install/my_py_pkg/lib/my_py_pkg
[0.757s] Installing battery_monitor script to /home/adi/RosProjects/install/my_py_pkg/lib/my_py_pkg
[0.757s] Installing hardware_status_publisher script to /home/adi/RosProjects/install/my_py_pkg/lib/my_py_pkg
[0.757s] Installing led_panel_node script to /home/adi/RosProjects/install/my_py_pkg/lib/my_py_pkg
[0.757s] Installing number_counter script to /home/adi/RosProjects/install/my_py_pkg/lib/my_py_pkg
[0.757s] Installing number_publisher script to /home/adi/RosProjects/install/my_py_pkg/lib/my_py_pkg
[0.757s] Installing py_node script to /home/adi/RosProjects/install/my_py_pkg/lib/my_py_pkg
[0.757s] Installing robot_news_station script to /home/adi/RosProjects/install/my_py_pkg/lib/my_py_pkg
[0.757s] Installing smartphone script to /home/adi/RosProjects/install/my_py_pkg/lib/my_py_pkg
[0.757s] writing list of installed files to '/home/adi/RosProjects/build/my_py_pkg/install.log'
[0.776s] Invoked command in '/home/adi/RosProjects/src/my_py_pkg' returned '0': CMAKE_PREFIX_PATH=/home/adi/RosProjects/install/my_robot_interfaces:/home/adi/RosProjects/install/my_robot_bringup:/home/adi/install/my_robot_bringup:/home/adi/install/my_robot_interfaces:/home/adi/install/my_cpp_pkg PYTHONPATH=/home/adi/RosProjects/build/my_py_pkg/prefix_override:/usr/lib/python3/dist-packages/colcon_core/task/python/colcon_distutils_commands:/home/adi/RosProjects/install/my_py_pkg/lib/python3.10/site-packages:${PYTHONPATH} /usr/bin/python3 -W ignore:setup.py install is deprecated -W ignore:easy_install command is deprecated setup.py egg_info --egg-base ../../build/my_py_pkg build --build-base /home/adi/RosProjects/build/my_py_pkg/build install --record /home/adi/RosProjects/build/my_py_pkg/install.log --single-version-externally-managed install_data
