[0.599s] Invoking command in '/home/adi/RosProjects/src/my_py_pkg': CMAKE_PREFIX_PATH=/home/adi/RosProjects/install/my_robot_interfaces:/home/adi/RosProjects/install/my_robot_bringup PYTHONPATH=/home/adi/RosProjects/build/my_py_pkg/prefix_override:/usr/lib/python3/dist-packages/colcon_core/task/python/colcon_distutils_commands:/home/adi/RosProjects/install/my_py_pkg/lib/python3.10/site-packages:${PYTHONPATH} /usr/bin/python3 -W ignore:setup.py install is deprecated -W ignore:easy_install command is deprecated setup.py egg_info --egg-base ../../build/my_py_pkg build --build-base /home/adi/RosProjects/build/my_py_pkg/build install --record /home/adi/RosProjects/build/my_py_pkg/install.log --single-version-externally-managed install_data
[0.859s] running egg_info
[0.860s] writing ../../build/my_py_pkg/my_py_pkg.egg-info/PKG-INFO
[0.860s] writing dependency_links to ../../build/my_py_pkg/my_py_pkg.egg-info/dependency_links.txt
[0.861s] writing entry points to ../../build/my_py_pkg/my_py_pkg.egg-info/entry_points.txt
[0.861s] writing requirements to ../../build/my_py_pkg/my_py_pkg.egg-info/requires.txt
[0.861s] writing top-level names to ../../build/my_py_pkg/my_py_pkg.egg-info/top_level.txt
[0.863s] reading manifest file '../../build/my_py_pkg/my_py_pkg.egg-info/SOURCES.txt'
[0.864s] writing manifest file '../../build/my_py_pkg/my_py_pkg.egg-info/SOURCES.txt'
[0.864s] running build
[0.864s] running build_py
[0.864s] running install
[0.865s] running install_lib
[0.866s] running install_data
[0.866s] running install_egg_info
[0.867s] removing '/home/adi/RosProjects/install/my_py_pkg/lib/python3.10/site-packages/my_py_pkg-0.0.0-py3.10.egg-info' (and everything under it)
[0.871s] Copying ../../build/my_py_pkg/my_py_pkg.egg-info to /home/adi/RosProjects/install/my_py_pkg/lib/python3.10/site-packages/my_py_pkg-0.0.0-py3.10.egg-info
[0.872s] running install_scripts
[0.890s] Installing add_two_ints_client script to /home/adi/RosProjects/install/my_py_pkg/lib/my_py_pkg
[0.891s] Installing add_two_ints_client_no_oop script to /home/adi/RosProjects/install/my_py_pkg/lib/my_py_pkg
[0.891s] Installing add_two_ints_server script to /home/adi/RosProjects/install/my_py_pkg/lib/my_py_pkg
[0.895s] Installing battery_charge_status script to /home/adi/RosProjects/install/my_py_pkg/lib/my_py_pkg
[0.895s] Installing battery_monitor script to /home/adi/RosProjects/install/my_py_pkg/lib/my_py_pkg
[0.896s] Installing hardware_status_publisher script to /home/adi/RosProjects/install/my_py_pkg/lib/my_py_pkg
[0.896s] Installing led_panel_node script to /home/adi/RosProjects/install/my_py_pkg/lib/my_py_pkg
[0.896s] Installing number_counter script to /home/adi/RosProjects/install/my_py_pkg/lib/my_py_pkg
[0.896s] Installing number_publisher script to /home/adi/RosProjects/install/my_py_pkg/lib/my_py_pkg
[0.896s] Installing py_node script to /home/adi/RosProjects/install/my_py_pkg/lib/my_py_pkg
[0.896s] Installing robot_news_station script to /home/adi/RosProjects/install/my_py_pkg/lib/my_py_pkg
[0.896s] Installing smartphone script to /home/adi/RosProjects/install/my_py_pkg/lib/my_py_pkg
[0.896s] writing list of installed files to '/home/adi/RosProjects/build/my_py_pkg/install.log'
[0.916s] Invoked command in '/home/adi/RosProjects/src/my_py_pkg' returned '0': CMAKE_PREFIX_PATH=/home/adi/RosProjects/install/my_robot_interfaces:/home/adi/RosProjects/install/my_robot_bringup PYTHONPATH=/home/adi/RosProjects/build/my_py_pkg/prefix_override:/usr/lib/python3/dist-packages/colcon_core/task/python/colcon_distutils_commands:/home/adi/RosProjects/install/my_py_pkg/lib/python3.10/site-packages:${PYTHONPATH} /usr/bin/python3 -W ignore:setup.py install is deprecated -W ignore:easy_install command is deprecated setup.py egg_info --egg-base ../../build/my_py_pkg build --build-base /home/adi/RosProjects/build/my_py_pkg/build install --record /home/adi/RosProjects/build/my_py_pkg/install.log --single-version-externally-managed install_data
